ERROR - 2022-03-05 21:14:34 --> No database selected
CRITICAL - 2022-03-05 21:14:34 --> Call to a member function getResult() on bool
#0 C:\Users\Usuario\Desktop\Ramon\Projetos\CodeIgniter\system\BaseModel.php(584): CodeIgniter\Model->doFindAll(0, 0)
#1 C:\Users\Usuario\Desktop\Ramon\Projetos\CodeIgniter\app\Controllers\Usuario.php(17): CodeIgniter\BaseModel->findAll()
#2 C:\Users\Usuario\Desktop\Ramon\Projetos\CodeIgniter\system\CodeIgniter.php(832): App\Controllers\Usuario->index()
#3 C:\Users\Usuario\Desktop\Ramon\Projetos\CodeIgniter\system\CodeIgniter.php(419): CodeIgniter\CodeIgniter->runController(Object(App\Controllers\Usuario))
#4 C:\Users\Usuario\Desktop\Ramon\Projetos\CodeIgniter\system\CodeIgniter.php(326): CodeIgniter\CodeIgniter->handleRequest(NULL, Object(Config\Cache), false)
#5 C:\Users\Usuario\Desktop\Ramon\Projetos\CodeIgniter\public\index.php(37): CodeIgniter\CodeIgniter->run()
#6 C:\Users\Usuario\Desktop\Ramon\Projetos\CodeIgniter\system\Commands\Server\rewrite.php(43): require_once('C:\\Users\\Usuari...')
#7 {main}
ERROR - 2022-03-05 21:16:24 --> No database selected
CRITICAL - 2022-03-05 21:16:24 --> Call to a member function getResult() on bool
#0 C:\Users\Usuario\Desktop\Ramon\Projetos\CodeIgniter\system\BaseModel.php(584): CodeIgniter\Model->doFindAll(0, 0)
#1 C:\Users\Usuario\Desktop\Ramon\Projetos\CodeIgniter\app\Controllers\Usuario.php(17): CodeIgniter\BaseModel->findAll()
#2 C:\Users\Usuario\Desktop\Ramon\Projetos\CodeIgniter\system\CodeIgniter.php(832): App\Controllers\Usuario->index()
#3 C:\Users\Usuario\Desktop\Ramon\Projetos\CodeIgniter\system\CodeIgniter.php(419): CodeIgniter\CodeIgniter->runController(Object(App\Controllers\Usuario))
#4 C:\Users\Usuario\Desktop\Ramon\Projetos\CodeIgniter\system\CodeIgniter.php(326): CodeIgniter\CodeIgniter->handleRequest(NULL, Object(Config\Cache), false)
#5 C:\Users\Usuario\Desktop\Ramon\Projetos\CodeIgniter\public\index.php(37): CodeIgniter\CodeIgniter->run()
#6 C:\Users\Usuario\Desktop\Ramon\Projetos\CodeIgniter\system\Commands\Server\rewrite.php(43): require_once('C:\\Users\\Usuari...')
#7 {main}
ERROR - 2022-03-05 21:16:25 --> No database selected
CRITICAL - 2022-03-05 21:16:25 --> Call to a member function getResult() on bool
#0 C:\Users\Usuario\Desktop\Ramon\Projetos\CodeIgniter\system\BaseModel.php(584): CodeIgniter\Model->doFindAll(0, 0)
#1 C:\Users\Usuario\Desktop\Ramon\Projetos\CodeIgniter\app\Controllers\Usuario.php(17): CodeIgniter\BaseModel->findAll()
#2 C:\Users\Usuario\Desktop\Ramon\Projetos\CodeIgniter\system\CodeIgniter.php(832): App\Controllers\Usuario->index()
#3 C:\Users\Usuario\Desktop\Ramon\Projetos\CodeIgniter\system\CodeIgniter.php(419): CodeIgniter\CodeIgniter->runController(Object(App\Controllers\Usuario))
#4 C:\Users\Usuario\Desktop\Ramon\Projetos\CodeIgniter\system\CodeIgniter.php(326): CodeIgniter\CodeIgniter->handleRequest(NULL, Object(Config\Cache), false)
#5 C:\Users\Usuario\Desktop\Ramon\Projetos\CodeIgniter\public\index.php(37): CodeIgniter\CodeIgniter->run()
#6 C:\Users\Usuario\Desktop\Ramon\Projetos\CodeIgniter\system\Commands\Server\rewrite.php(43): require_once('C:\\Users\\Usuari...')
#7 {main}
ERROR - 2022-03-05 21:16:26 --> No database selected
CRITICAL - 2022-03-05 21:16:26 --> Call to a member function getResult() on bool
#0 C:\Users\Usuario\Desktop\Ramon\Projetos\CodeIgniter\system\BaseModel.php(584): CodeIgniter\Model->doFindAll(0, 0)
#1 C:\Users\Usuario\Desktop\Ramon\Projetos\CodeIgniter\app\Controllers\Usuario.php(17): CodeIgniter\BaseModel->findAll()
#2 C:\Users\Usuario\Desktop\Ramon\Projetos\CodeIgniter\system\CodeIgniter.php(832): App\Controllers\Usuario->index()
#3 C:\Users\Usuario\Desktop\Ramon\Projetos\CodeIgniter\system\CodeIgniter.php(419): CodeIgniter\CodeIgniter->runController(Object(App\Controllers\Usuario))
#4 C:\Users\Usuario\Desktop\Ramon\Projetos\CodeIgniter\system\CodeIgniter.php(326): CodeIgniter\CodeIgniter->handleRequest(NULL, Object(Config\Cache), false)
#5 C:\Users\Usuario\Desktop\Ramon\Projetos\CodeIgniter\public\index.php(37): CodeIgniter\CodeIgniter->run()
#6 C:\Users\Usuario\Desktop\Ramon\Projetos\CodeIgniter\system\Commands\Server\rewrite.php(43): require_once('C:\\Users\\Usuari...')
#7 {main}
ERROR - 2022-03-05 21:18:13 --> No database selected
CRITICAL - 2022-03-05 21:18:13 --> Call to a member function getResult() on bool
#0 C:\Users\Usuario\Desktop\Ramon\Projetos\CodeIgniter\system\BaseModel.php(584): CodeIgniter\Model->doFindAll(0, 0)
#1 C:\Users\Usuario\Desktop\Ramon\Projetos\CodeIgniter\app\Controllers\Usuario.php(17): CodeIgniter\BaseModel->findAll()
#2 C:\Users\Usuario\Desktop\Ramon\Projetos\CodeIgniter\system\CodeIgniter.php(832): App\Controllers\Usuario->index()
#3 C:\Users\Usuario\Desktop\Ramon\Projetos\CodeIgniter\system\CodeIgniter.php(419): CodeIgniter\CodeIgniter->runController(Object(App\Controllers\Usuario))
#4 C:\Users\Usuario\Desktop\Ramon\Projetos\CodeIgniter\system\CodeIgniter.php(326): CodeIgniter\CodeIgniter->handleRequest(NULL, Object(Config\Cache), false)
#5 C:\Users\Usuario\Desktop\Ramon\Projetos\CodeIgniter\public\index.php(37): CodeIgniter\CodeIgniter->run()
#6 C:\Users\Usuario\Desktop\Ramon\Projetos\CodeIgniter\system\Commands\Server\rewrite.php(43): require_once('C:\\Users\\Usuari...')
#7 {main}
ERROR - 2022-03-05 21:18:14 --> No database selected
CRITICAL - 2022-03-05 21:18:14 --> Call to a member function getResult() on bool
#0 C:\Users\Usuario\Desktop\Ramon\Projetos\CodeIgniter\system\BaseModel.php(584): CodeIgniter\Model->doFindAll(0, 0)
#1 C:\Users\Usuario\Desktop\Ramon\Projetos\CodeIgniter\app\Controllers\Usuario.php(17): CodeIgniter\BaseModel->findAll()
#2 C:\Users\Usuario\Desktop\Ramon\Projetos\CodeIgniter\system\CodeIgniter.php(832): App\Controllers\Usuario->index()
#3 C:\Users\Usuario\Desktop\Ramon\Projetos\CodeIgniter\system\CodeIgniter.php(419): CodeIgniter\CodeIgniter->runController(Object(App\Controllers\Usuario))
#4 C:\Users\Usuario\Desktop\Ramon\Projetos\CodeIgniter\system\CodeIgniter.php(326): CodeIgniter\CodeIgniter->handleRequest(NULL, Object(Config\Cache), false)
#5 C:\Users\Usuario\Desktop\Ramon\Projetos\CodeIgniter\public\index.php(37): CodeIgniter\CodeIgniter->run()
#6 C:\Users\Usuario\Desktop\Ramon\Projetos\CodeIgniter\system\Commands\Server\rewrite.php(43): require_once('C:\\Users\\Usuari...')
#7 {main}
ERROR - 2022-03-05 21:19:17 --> No database selected
CRITICAL - 2022-03-05 21:19:17 --> Call to a member function getResult() on bool
#0 C:\Users\Usuario\Desktop\Ramon\Projetos\CodeIgniter\system\BaseModel.php(584): CodeIgniter\Model->doFindAll(0, 0)
#1 C:\Users\Usuario\Desktop\Ramon\Projetos\CodeIgniter\app\Controllers\Usuario.php(17): CodeIgniter\BaseModel->findAll()
#2 C:\Users\Usuario\Desktop\Ramon\Projetos\CodeIgniter\system\CodeIgniter.php(832): App\Controllers\Usuario->index()
#3 C:\Users\Usuario\Desktop\Ramon\Projetos\CodeIgniter\system\CodeIgniter.php(419): CodeIgniter\CodeIgniter->runController(Object(App\Controllers\Usuario))
#4 C:\Users\Usuario\Desktop\Ramon\Projetos\CodeIgniter\system\CodeIgniter.php(326): CodeIgniter\CodeIgniter->handleRequest(NULL, Object(Config\Cache), false)
#5 C:\Users\Usuario\Desktop\Ramon\Projetos\CodeIgniter\public\index.php(37): CodeIgniter\CodeIgniter->run()
#6 C:\Users\Usuario\Desktop\Ramon\Projetos\CodeIgniter\system\Commands\Server\rewrite.php(43): require_once('C:\\Users\\Usuari...')
#7 {main}
ERROR - 2022-03-05 21:19:17 --> No database selected
CRITICAL - 2022-03-05 21:19:17 --> Call to a member function getResult() on bool
#0 C:\Users\Usuario\Desktop\Ramon\Projetos\CodeIgniter\system\BaseModel.php(584): CodeIgniter\Model->doFindAll(0, 0)
#1 C:\Users\Usuario\Desktop\Ramon\Projetos\CodeIgniter\app\Controllers\Usuario.php(17): CodeIgniter\BaseModel->findAll()
#2 C:\Users\Usuario\Desktop\Ramon\Projetos\CodeIgniter\system\CodeIgniter.php(832): App\Controllers\Usuario->index()
#3 C:\Users\Usuario\Desktop\Ramon\Projetos\CodeIgniter\system\CodeIgniter.php(419): CodeIgniter\CodeIgniter->runController(Object(App\Controllers\Usuario))
#4 C:\Users\Usuario\Desktop\Ramon\Projetos\CodeIgniter\system\CodeIgniter.php(326): CodeIgniter\CodeIgniter->handleRequest(NULL, Object(Config\Cache), false)
#5 C:\Users\Usuario\Desktop\Ramon\Projetos\CodeIgniter\public\index.php(37): CodeIgniter\CodeIgniter->run()
#6 C:\Users\Usuario\Desktop\Ramon\Projetos\CodeIgniter\system\Commands\Server\rewrite.php(43): require_once('C:\\Users\\Usuari...')
#7 {main}
ERROR - 2022-03-05 21:19:18 --> No database selected
CRITICAL - 2022-03-05 21:19:18 --> Call to a member function getResult() on bool
#0 C:\Users\Usuario\Desktop\Ramon\Projetos\CodeIgniter\system\BaseModel.php(584): CodeIgniter\Model->doFindAll(0, 0)
#1 C:\Users\Usuario\Desktop\Ramon\Projetos\CodeIgniter\app\Controllers\Usuario.php(17): CodeIgniter\BaseModel->findAll()
#2 C:\Users\Usuario\Desktop\Ramon\Projetos\CodeIgniter\system\CodeIgniter.php(832): App\Controllers\Usuario->index()
#3 C:\Users\Usuario\Desktop\Ramon\Projetos\CodeIgniter\system\CodeIgniter.php(419): CodeIgniter\CodeIgniter->runController(Object(App\Controllers\Usuario))
#4 C:\Users\Usuario\Desktop\Ramon\Projetos\CodeIgniter\system\CodeIgniter.php(326): CodeIgniter\CodeIgniter->handleRequest(NULL, Object(Config\Cache), false)
#5 C:\Users\Usuario\Desktop\Ramon\Projetos\CodeIgniter\public\index.php(37): CodeIgniter\CodeIgniter->run()
#6 C:\Users\Usuario\Desktop\Ramon\Projetos\CodeIgniter\system\Commands\Server\rewrite.php(43): require_once('C:\\Users\\Usuari...')
#7 {main}
ERROR - 2022-03-05 21:19:19 --> No database selected
CRITICAL - 2022-03-05 21:19:19 --> Call to a member function getResult() on bool
#0 C:\Users\Usuario\Desktop\Ramon\Projetos\CodeIgniter\system\BaseModel.php(584): CodeIgniter\Model->doFindAll(0, 0)
#1 C:\Users\Usuario\Desktop\Ramon\Projetos\CodeIgniter\app\Controllers\Usuario.php(17): CodeIgniter\BaseModel->findAll()
#2 C:\Users\Usuario\Desktop\Ramon\Projetos\CodeIgniter\system\CodeIgniter.php(832): App\Controllers\Usuario->index()
#3 C:\Users\Usuario\Desktop\Ramon\Projetos\CodeIgniter\system\CodeIgniter.php(419): CodeIgniter\CodeIgniter->runController(Object(App\Controllers\Usuario))
#4 C:\Users\Usuario\Desktop\Ramon\Projetos\CodeIgniter\system\CodeIgniter.php(326): CodeIgniter\CodeIgniter->handleRequest(NULL, Object(Config\Cache), false)
#5 C:\Users\Usuario\Desktop\Ramon\Projetos\CodeIgniter\public\index.php(37): CodeIgniter\CodeIgniter->run()
#6 C:\Users\Usuario\Desktop\Ramon\Projetos\CodeIgniter\system\Commands\Server\rewrite.php(43): require_once('C:\\Users\\Usuari...')
#7 {main}
ERROR - 2022-03-05 21:19:19 --> No database selected
CRITICAL - 2022-03-05 21:19:19 --> Call to a member function getResult() on bool
#0 C:\Users\Usuario\Desktop\Ramon\Projetos\CodeIgniter\system\BaseModel.php(584): CodeIgniter\Model->doFindAll(0, 0)
#1 C:\Users\Usuario\Desktop\Ramon\Projetos\CodeIgniter\app\Controllers\Usuario.php(17): CodeIgniter\BaseModel->findAll()
#2 C:\Users\Usuario\Desktop\Ramon\Projetos\CodeIgniter\system\CodeIgniter.php(832): App\Controllers\Usuario->index()
#3 C:\Users\Usuario\Desktop\Ramon\Projetos\CodeIgniter\system\CodeIgniter.php(419): CodeIgniter\CodeIgniter->runController(Object(App\Controllers\Usuario))
#4 C:\Users\Usuario\Desktop\Ramon\Projetos\CodeIgniter\system\CodeIgniter.php(326): CodeIgniter\CodeIgniter->handleRequest(NULL, Object(Config\Cache), false)
#5 C:\Users\Usuario\Desktop\Ramon\Projetos\CodeIgniter\public\index.php(37): CodeIgniter\CodeIgniter->run()
#6 C:\Users\Usuario\Desktop\Ramon\Projetos\CodeIgniter\system\Commands\Server\rewrite.php(43): require_once('C:\\Users\\Usuari...')
#7 {main}
ERROR - 2022-03-05 21:25:04 --> No database selected
CRITICAL - 2022-03-05 21:25:04 --> Call to a member function getResult() on bool
#0 C:\Users\Usuario\Desktop\Ramon\Projetos\CodeIgniter\system\BaseModel.php(584): CodeIgniter\Model->doFindAll(0, 0)
#1 C:\Users\Usuario\Desktop\Ramon\Projetos\CodeIgniter\app\Controllers\Usuario.php(17): CodeIgniter\BaseModel->findAll()
#2 C:\Users\Usuario\Desktop\Ramon\Projetos\CodeIgniter\system\CodeIgniter.php(832): App\Controllers\Usuario->index()
#3 C:\Users\Usuario\Desktop\Ramon\Projetos\CodeIgniter\system\CodeIgniter.php(419): CodeIgniter\CodeIgniter->runController(Object(App\Controllers\Usuario))
#4 C:\Users\Usuario\Desktop\Ramon\Projetos\CodeIgniter\system\CodeIgniter.php(326): CodeIgniter\CodeIgniter->handleRequest(NULL, Object(Config\Cache), false)
#5 C:\Users\Usuario\Desktop\Ramon\Projetos\CodeIgniter\public\index.php(37): CodeIgniter\CodeIgniter->run()
#6 C:\Users\Usuario\Desktop\Ramon\Projetos\CodeIgniter\system\Commands\Server\rewrite.php(43): require_once('C:\\Users\\Usuari...')
#7 {main}
ERROR - 2022-03-05 21:27:52 --> No database selected
CRITICAL - 2022-03-05 21:27:52 --> Call to a member function getResult() on bool
#0 C:\Users\Usuario\Desktop\Ramon\Projetos\CodeIgniter\system\BaseModel.php(584): CodeIgniter\Model->doFindAll(0, 0)
#1 C:\Users\Usuario\Desktop\Ramon\Projetos\CodeIgniter\app\Controllers\Usuario.php(17): CodeIgniter\BaseModel->findAll()
#2 C:\Users\Usuario\Desktop\Ramon\Projetos\CodeIgniter\system\CodeIgniter.php(832): App\Controllers\Usuario->index()
#3 C:\Users\Usuario\Desktop\Ramon\Projetos\CodeIgniter\system\CodeIgniter.php(419): CodeIgniter\CodeIgniter->runController(Object(App\Controllers\Usuario))
#4 C:\Users\Usuario\Desktop\Ramon\Projetos\CodeIgniter\system\CodeIgniter.php(326): CodeIgniter\CodeIgniter->handleRequest(NULL, Object(Config\Cache), false)
#5 C:\Users\Usuario\Desktop\Ramon\Projetos\CodeIgniter\public\index.php(37): CodeIgniter\CodeIgniter->run()
#6 C:\Users\Usuario\Desktop\Ramon\Projetos\CodeIgniter\system\Commands\Server\rewrite.php(43): require_once('C:\\Users\\Usuari...')
#7 {main}
ERROR - 2022-03-05 21:30:25 --> No database selected
CRITICAL - 2022-03-05 21:30:25 --> Call to a member function getResult() on bool
#0 C:\Users\Usuario\Desktop\Ramon\Projetos\CodeIgniter\system\BaseModel.php(584): CodeIgniter\Model->doFindAll(0, 0)
#1 C:\Users\Usuario\Desktop\Ramon\Projetos\CodeIgniter\app\Controllers\Usuario.php(17): CodeIgniter\BaseModel->findAll()
#2 C:\Users\Usuario\Desktop\Ramon\Projetos\CodeIgniter\system\CodeIgniter.php(832): App\Controllers\Usuario->index()
#3 C:\Users\Usuario\Desktop\Ramon\Projetos\CodeIgniter\system\CodeIgniter.php(419): CodeIgniter\CodeIgniter->runController(Object(App\Controllers\Usuario))
#4 C:\Users\Usuario\Desktop\Ramon\Projetos\CodeIgniter\system\CodeIgniter.php(326): CodeIgniter\CodeIgniter->handleRequest(NULL, Object(Config\Cache), false)
#5 C:\Users\Usuario\Desktop\Ramon\Projetos\CodeIgniter\public\index.php(37): CodeIgniter\CodeIgniter->run()
#6 C:\Users\Usuario\Desktop\Ramon\Projetos\CodeIgniter\system\Commands\Server\rewrite.php(43): require_once('C:\\Users\\Usuari...')
#7 {main}
ERROR - 2022-03-05 21:38:13 --> No database selected
CRITICAL - 2022-03-05 21:38:13 --> Call to a member function getResult() on bool
#0 C:\Users\Usuario\Desktop\Ramon\Projetos\CodeIgniter\system\BaseModel.php(584): CodeIgniter\Model->doFindAll(0, 0)
#1 C:\Users\Usuario\Desktop\Ramon\Projetos\CodeIgniter\app\Controllers\Usuario.php(19): CodeIgniter\BaseModel->findAll()
#2 C:\Users\Usuario\Desktop\Ramon\Projetos\CodeIgniter\system\CodeIgniter.php(832): App\Controllers\Usuario->index()
#3 C:\Users\Usuario\Desktop\Ramon\Projetos\CodeIgniter\system\CodeIgniter.php(419): CodeIgniter\CodeIgniter->runController(Object(App\Controllers\Usuario))
#4 C:\Users\Usuario\Desktop\Ramon\Projetos\CodeIgniter\system\CodeIgniter.php(326): CodeIgniter\CodeIgniter->handleRequest(NULL, Object(Config\Cache), false)
#5 C:\Users\Usuario\Desktop\Ramon\Projetos\CodeIgniter\public\index.php(37): CodeIgniter\CodeIgniter->run()
#6 C:\Users\Usuario\Desktop\Ramon\Projetos\CodeIgniter\system\Commands\Server\rewrite.php(43): require_once('C:\\Users\\Usuari...')
#7 {main}
CRITICAL - 2022-03-05 21:39:30 --> Undefined variable $UsuarioView
#0 C:\Users\Usuario\Desktop\Ramon\Projetos\CodeIgniter\app\Views\UsuarioView.php(21): CodeIgniter\Debug\Exceptions->errorHandler(2, 'Undefined varia...', 'C:\\Users\\Usuari...', 21)
#1 C:\Users\Usuario\Desktop\Ramon\Projetos\CodeIgniter\system\View\View.php(210): include('C:\\Users\\Usuari...')
#2 C:\Users\Usuario\Desktop\Ramon\Projetos\CodeIgniter\system\View\View.php(213): CodeIgniter\View\View->CodeIgniter\View\{closure}()
#3 C:\Users\Usuario\Desktop\Ramon\Projetos\CodeIgniter\system\Common.php(1089): CodeIgniter\View\View->render('UsuarioView', Array, true)
#4 C:\Users\Usuario\Desktop\Ramon\Projetos\CodeIgniter\app\Controllers\Home.php(9): view('UsuarioView')
#5 C:\Users\Usuario\Desktop\Ramon\Projetos\CodeIgniter\system\CodeIgniter.php(832): App\Controllers\Home->index()
#6 C:\Users\Usuario\Desktop\Ramon\Projetos\CodeIgniter\system\CodeIgniter.php(419): CodeIgniter\CodeIgniter->runController(Object(App\Controllers\Home))
#7 C:\Users\Usuario\Desktop\Ramon\Projetos\CodeIgniter\system\CodeIgniter.php(326): CodeIgniter\CodeIgniter->handleRequest(NULL, Object(Config\Cache), false)
#8 C:\Users\Usuario\Desktop\Ramon\Projetos\CodeIgniter\public\index.php(37): CodeIgniter\CodeIgniter->run()
#9 C:\Users\Usuario\Desktop\Ramon\Projetos\CodeIgniter\system\Commands\Server\rewrite.php(43): require_once('C:\\Users\\Usuari...')
#10 {main}
CRITICAL - 2022-03-05 21:39:31 --> Undefined variable $UsuarioView
#0 C:\Users\Usuario\Desktop\Ramon\Projetos\CodeIgniter\app\Views\UsuarioView.php(21): CodeIgniter\Debug\Exceptions->errorHandler(2, 'Undefined varia...', 'C:\\Users\\Usuari...', 21)
#1 C:\Users\Usuario\Desktop\Ramon\Projetos\CodeIgniter\system\View\View.php(210): include('C:\\Users\\Usuari...')
#2 C:\Users\Usuario\Desktop\Ramon\Projetos\CodeIgniter\system\View\View.php(213): CodeIgniter\View\View->CodeIgniter\View\{closure}()
#3 C:\Users\Usuario\Desktop\Ramon\Projetos\CodeIgniter\system\Common.php(1089): CodeIgniter\View\View->render('UsuarioView', Array, true)
#4 C:\Users\Usuario\Desktop\Ramon\Projetos\CodeIgniter\app\Controllers\Home.php(9): view('UsuarioView')
#5 C:\Users\Usuario\Desktop\Ramon\Projetos\CodeIgniter\system\CodeIgniter.php(832): App\Controllers\Home->index()
#6 C:\Users\Usuario\Desktop\Ramon\Projetos\CodeIgniter\system\CodeIgniter.php(419): CodeIgniter\CodeIgniter->runController(Object(App\Controllers\Home))
#7 C:\Users\Usuario\Desktop\Ramon\Projetos\CodeIgniter\system\CodeIgniter.php(326): CodeIgniter\CodeIgniter->handleRequest(NULL, Object(Config\Cache), false)
#8 C:\Users\Usuario\Desktop\Ramon\Projetos\CodeIgniter\public\index.php(37): CodeIgniter\CodeIgniter->run()
#9 C:\Users\Usuario\Desktop\Ramon\Projetos\CodeIgniter\system\Commands\Server\rewrite.php(43): require_once('C:\\Users\\Usuari...')
#10 {main}
CRITICAL - 2022-03-05 21:39:32 --> Undefined variable $UsuarioView
#0 C:\Users\Usuario\Desktop\Ramon\Projetos\CodeIgniter\app\Views\UsuarioView.php(21): CodeIgniter\Debug\Exceptions->errorHandler(2, 'Undefined varia...', 'C:\\Users\\Usuari...', 21)
#1 C:\Users\Usuario\Desktop\Ramon\Projetos\CodeIgniter\system\View\View.php(210): include('C:\\Users\\Usuari...')
#2 C:\Users\Usuario\Desktop\Ramon\Projetos\CodeIgniter\system\View\View.php(213): CodeIgniter\View\View->CodeIgniter\View\{closure}()
#3 C:\Users\Usuario\Desktop\Ramon\Projetos\CodeIgniter\system\Common.php(1089): CodeIgniter\View\View->render('UsuarioView', Array, true)
#4 C:\Users\Usuario\Desktop\Ramon\Projetos\CodeIgniter\app\Controllers\Home.php(9): view('UsuarioView')
#5 C:\Users\Usuario\Desktop\Ramon\Projetos\CodeIgniter\system\CodeIgniter.php(832): App\Controllers\Home->index()
#6 C:\Users\Usuario\Desktop\Ramon\Projetos\CodeIgniter\system\CodeIgniter.php(419): CodeIgniter\CodeIgniter->runController(Object(App\Controllers\Home))
#7 C:\Users\Usuario\Desktop\Ramon\Projetos\CodeIgniter\system\CodeIgniter.php(326): CodeIgniter\CodeIgniter->handleRequest(NULL, Object(Config\Cache), false)
#8 C:\Users\Usuario\Desktop\Ramon\Projetos\CodeIgniter\public\index.php(37): CodeIgniter\CodeIgniter->run()
#9 C:\Users\Usuario\Desktop\Ramon\Projetos\CodeIgniter\system\Commands\Server\rewrite.php(43): require_once('C:\\Users\\Usuari...')
#10 {main}
ERROR - 2022-03-05 21:47:35 --> No database selected
CRITICAL - 2022-03-05 21:47:35 --> Call to a member function getResult() on bool
#0 C:\Users\Usuario\Desktop\Ramon\Projetos\CodeIgniter\system\BaseModel.php(584): CodeIgniter\Model->doFindAll(0, 0)
#1 C:\Users\Usuario\Desktop\Ramon\Projetos\CodeIgniter\app\Controllers\Usuario.php(19): CodeIgniter\BaseModel->findAll()
#2 C:\Users\Usuario\Desktop\Ramon\Projetos\CodeIgniter\system\CodeIgniter.php(832): App\Controllers\Usuario->index()
#3 C:\Users\Usuario\Desktop\Ramon\Projetos\CodeIgniter\system\CodeIgniter.php(419): CodeIgniter\CodeIgniter->runController(Object(App\Controllers\Usuario))
#4 C:\Users\Usuario\Desktop\Ramon\Projetos\CodeIgniter\system\CodeIgniter.php(326): CodeIgniter\CodeIgniter->handleRequest(NULL, Object(Config\Cache), false)
#5 C:\Users\Usuario\Desktop\Ramon\Projetos\CodeIgniter\public\index.php(37): CodeIgniter\CodeIgniter->run()
#6 C:\Users\Usuario\Desktop\Ramon\Projetos\CodeIgniter\system\Commands\Server\rewrite.php(43): require_once('C:\\Users\\Usuari...')
#7 {main}
ERROR - 2022-03-05 21:47:47 --> No database selected
CRITICAL - 2022-03-05 21:47:47 --> Call to a member function getResult() on bool
#0 C:\Users\Usuario\Desktop\Ramon\Projetos\CodeIgniter\system\BaseModel.php(584): CodeIgniter\Model->doFindAll(0, 0)
#1 C:\Users\Usuario\Desktop\Ramon\Projetos\CodeIgniter\app\Controllers\Usuario.php(19): CodeIgniter\BaseModel->findAll()
#2 C:\Users\Usuario\Desktop\Ramon\Projetos\CodeIgniter\system\CodeIgniter.php(832): App\Controllers\Usuario->index()
#3 C:\Users\Usuario\Desktop\Ramon\Projetos\CodeIgniter\system\CodeIgniter.php(419): CodeIgniter\CodeIgniter->runController(Object(App\Controllers\Usuario))
#4 C:\Users\Usuario\Desktop\Ramon\Projetos\CodeIgniter\system\CodeIgniter.php(326): CodeIgniter\CodeIgniter->handleRequest(NULL, Object(Config\Cache), false)
#5 C:\Users\Usuario\Desktop\Ramon\Projetos\CodeIgniter\public\index.php(37): CodeIgniter\CodeIgniter->run()
#6 C:\Users\Usuario\Desktop\Ramon\Projetos\CodeIgniter\system\Commands\Server\rewrite.php(43): require_once('C:\\Users\\Usuari...')
#7 {main}
ERROR - 2022-03-05 21:47:51 --> No database selected
CRITICAL - 2022-03-05 21:47:51 --> Call to a member function getResult() on bool
#0 C:\Users\Usuario\Desktop\Ramon\Projetos\CodeIgniter\system\BaseModel.php(584): CodeIgniter\Model->doFindAll(0, 0)
#1 C:\Users\Usuario\Desktop\Ramon\Projetos\CodeIgniter\app\Controllers\Usuario.php(19): CodeIgniter\BaseModel->findAll()
#2 C:\Users\Usuario\Desktop\Ramon\Projetos\CodeIgniter\system\CodeIgniter.php(832): App\Controllers\Usuario->index()
#3 C:\Users\Usuario\Desktop\Ramon\Projetos\CodeIgniter\system\CodeIgniter.php(419): CodeIgniter\CodeIgniter->runController(Object(App\Controllers\Usuario))
#4 C:\Users\Usuario\Desktop\Ramon\Projetos\CodeIgniter\system\CodeIgniter.php(326): CodeIgniter\CodeIgniter->handleRequest(NULL, Object(Config\Cache), false)
#5 C:\Users\Usuario\Desktop\Ramon\Projetos\CodeIgniter\public\index.php(37): CodeIgniter\CodeIgniter->run()
#6 C:\Users\Usuario\Desktop\Ramon\Projetos\CodeIgniter\system\Commands\Server\rewrite.php(43): require_once('C:\\Users\\Usuari...')
#7 {main}
ERROR - 2022-03-05 21:48:07 --> No database selected
CRITICAL - 2022-03-05 21:48:07 --> Call to a member function getResult() on bool
#0 C:\Users\Usuario\Desktop\Ramon\Projetos\CodeIgniter\system\BaseModel.php(584): CodeIgniter\Model->doFindAll(0, 0)
#1 C:\Users\Usuario\Desktop\Ramon\Projetos\CodeIgniter\app\Controllers\Usuario.php(19): CodeIgniter\BaseModel->findAll()
#2 C:\Users\Usuario\Desktop\Ramon\Projetos\CodeIgniter\system\CodeIgniter.php(832): App\Controllers\Usuario->index()
#3 C:\Users\Usuario\Desktop\Ramon\Projetos\CodeIgniter\system\CodeIgniter.php(419): CodeIgniter\CodeIgniter->runController(Object(App\Controllers\Usuario))
#4 C:\Users\Usuario\Desktop\Ramon\Projetos\CodeIgniter\system\CodeIgniter.php(326): CodeIgniter\CodeIgniter->handleRequest(NULL, Object(Config\Cache), false)
#5 C:\Users\Usuario\Desktop\Ramon\Projetos\CodeIgniter\public\index.php(37): CodeIgniter\CodeIgniter->run()
#6 C:\Users\Usuario\Desktop\Ramon\Projetos\CodeIgniter\system\Commands\Server\rewrite.php(43): require_once('C:\\Users\\Usuari...')
#7 {main}
ERROR - 2022-03-05 21:48:08 --> No database selected
CRITICAL - 2022-03-05 21:48:08 --> Call to a member function getResult() on bool
#0 C:\Users\Usuario\Desktop\Ramon\Projetos\CodeIgniter\system\BaseModel.php(584): CodeIgniter\Model->doFindAll(0, 0)
#1 C:\Users\Usuario\Desktop\Ramon\Projetos\CodeIgniter\app\Controllers\Usuario.php(19): CodeIgniter\BaseModel->findAll()
#2 C:\Users\Usuario\Desktop\Ramon\Projetos\CodeIgniter\system\CodeIgniter.php(832): App\Controllers\Usuario->index()
#3 C:\Users\Usuario\Desktop\Ramon\Projetos\CodeIgniter\system\CodeIgniter.php(419): CodeIgniter\CodeIgniter->runController(Object(App\Controllers\Usuario))
#4 C:\Users\Usuario\Desktop\Ramon\Projetos\CodeIgniter\system\CodeIgniter.php(326): CodeIgniter\CodeIgniter->handleRequest(NULL, Object(Config\Cache), false)
#5 C:\Users\Usuario\Desktop\Ramon\Projetos\CodeIgniter\public\index.php(37): CodeIgniter\CodeIgniter->run()
#6 C:\Users\Usuario\Desktop\Ramon\Projetos\CodeIgniter\system\Commands\Server\rewrite.php(43): require_once('C:\\Users\\Usuari...')
#7 {main}
CRITICAL - 2022-03-05 21:48:11 --> Invalid file: Usuario.php
#0 C:\Users\Usuario\Desktop\Ramon\Projetos\CodeIgniter\system\View\View.php(198): CodeIgniter\Exceptions\FrameworkException::forInvalidFile('Usuario.php')
#1 C:\Users\Usuario\Desktop\Ramon\Projetos\CodeIgniter\system\Common.php(1089): CodeIgniter\View\View->render('Usuario', Array, true)
#2 C:\Users\Usuario\Desktop\Ramon\Projetos\CodeIgniter\app\Controllers\Home.php(9): view('Usuario')
#3 C:\Users\Usuario\Desktop\Ramon\Projetos\CodeIgniter\system\CodeIgniter.php(832): App\Controllers\Home->index()
#4 C:\Users\Usuario\Desktop\Ramon\Projetos\CodeIgniter\system\CodeIgniter.php(419): CodeIgniter\CodeIgniter->runController(Object(App\Controllers\Home))
#5 C:\Users\Usuario\Desktop\Ramon\Projetos\CodeIgniter\system\CodeIgniter.php(326): CodeIgniter\CodeIgniter->handleRequest(NULL, Object(Config\Cache), false)
#6 C:\Users\Usuario\Desktop\Ramon\Projetos\CodeIgniter\public\index.php(37): CodeIgniter\CodeIgniter->run()
#7 C:\Users\Usuario\Desktop\Ramon\Projetos\CodeIgniter\system\Commands\Server\rewrite.php(43): require_once('C:\\Users\\Usuari...')
#8 {main}
CRITICAL - 2022-03-05 21:48:14 --> Invalid file: Usuario.php
#0 C:\Users\Usuario\Desktop\Ramon\Projetos\CodeIgniter\system\View\View.php(198): CodeIgniter\Exceptions\FrameworkException::forInvalidFile('Usuario.php')
#1 C:\Users\Usuario\Desktop\Ramon\Projetos\CodeIgniter\system\Common.php(1089): CodeIgniter\View\View->render('Usuario', Array, true)
#2 C:\Users\Usuario\Desktop\Ramon\Projetos\CodeIgniter\app\Controllers\Home.php(9): view('Usuario')
#3 C:\Users\Usuario\Desktop\Ramon\Projetos\CodeIgniter\system\CodeIgniter.php(832): App\Controllers\Home->index()
#4 C:\Users\Usuario\Desktop\Ramon\Projetos\CodeIgniter\system\CodeIgniter.php(419): CodeIgniter\CodeIgniter->runController(Object(App\Controllers\Home))
#5 C:\Users\Usuario\Desktop\Ramon\Projetos\CodeIgniter\system\CodeIgniter.php(326): CodeIgniter\CodeIgniter->handleRequest(NULL, Object(Config\Cache), false)
#6 C:\Users\Usuario\Desktop\Ramon\Projetos\CodeIgniter\public\index.php(37): CodeIgniter\CodeIgniter->run()
#7 C:\Users\Usuario\Desktop\Ramon\Projetos\CodeIgniter\system\Commands\Server\rewrite.php(43): require_once('C:\\Users\\Usuari...')
#8 {main}
CRITICAL - 2022-03-05 21:48:23 --> Undefined variable $UsuarioView
#0 C:\Users\Usuario\Desktop\Ramon\Projetos\CodeIgniter\app\Views\UsuarioView.php(21): CodeIgniter\Debug\Exceptions->errorHandler(2, 'Undefined varia...', 'C:\\Users\\Usuari...', 21)
#1 C:\Users\Usuario\Desktop\Ramon\Projetos\CodeIgniter\system\View\View.php(210): include('C:\\Users\\Usuari...')
#2 C:\Users\Usuario\Desktop\Ramon\Projetos\CodeIgniter\system\View\View.php(213): CodeIgniter\View\View->CodeIgniter\View\{closure}()
#3 C:\Users\Usuario\Desktop\Ramon\Projetos\CodeIgniter\system\Common.php(1089): CodeIgniter\View\View->render('UsuarioView', Array, true)
#4 C:\Users\Usuario\Desktop\Ramon\Projetos\CodeIgniter\app\Controllers\Home.php(9): view('UsuarioView')
#5 C:\Users\Usuario\Desktop\Ramon\Projetos\CodeIgniter\system\CodeIgniter.php(832): App\Controllers\Home->index()
#6 C:\Users\Usuario\Desktop\Ramon\Projetos\CodeIgniter\system\CodeIgniter.php(419): CodeIgniter\CodeIgniter->runController(Object(App\Controllers\Home))
#7 C:\Users\Usuario\Desktop\Ramon\Projetos\CodeIgniter\system\CodeIgniter.php(326): CodeIgniter\CodeIgniter->handleRequest(NULL, Object(Config\Cache), false)
#8 C:\Users\Usuario\Desktop\Ramon\Projetos\CodeIgniter\public\index.php(37): CodeIgniter\CodeIgniter->run()
#9 C:\Users\Usuario\Desktop\Ramon\Projetos\CodeIgniter\system\Commands\Server\rewrite.php(43): require_once('C:\\Users\\Usuari...')
#10 {main}
CRITICAL - 2022-03-05 21:48:24 --> Undefined variable $UsuarioView
#0 C:\Users\Usuario\Desktop\Ramon\Projetos\CodeIgniter\app\Views\UsuarioView.php(21): CodeIgniter\Debug\Exceptions->errorHandler(2, 'Undefined varia...', 'C:\\Users\\Usuari...', 21)
#1 C:\Users\Usuario\Desktop\Ramon\Projetos\CodeIgniter\system\View\View.php(210): include('C:\\Users\\Usuari...')
#2 C:\Users\Usuario\Desktop\Ramon\Projetos\CodeIgniter\system\View\View.php(213): CodeIgniter\View\View->CodeIgniter\View\{closure}()
#3 C:\Users\Usuario\Desktop\Ramon\Projetos\CodeIgniter\system\Common.php(1089): CodeIgniter\View\View->render('UsuarioView', Array, true)
#4 C:\Users\Usuario\Desktop\Ramon\Projetos\CodeIgniter\app\Controllers\Home.php(9): view('UsuarioView')
#5 C:\Users\Usuario\Desktop\Ramon\Projetos\CodeIgniter\system\CodeIgniter.php(832): App\Controllers\Home->index()
#6 C:\Users\Usuario\Desktop\Ramon\Projetos\CodeIgniter\system\CodeIgniter.php(419): CodeIgniter\CodeIgniter->runController(Object(App\Controllers\Home))
#7 C:\Users\Usuario\Desktop\Ramon\Projetos\CodeIgniter\system\CodeIgniter.php(326): CodeIgniter\CodeIgniter->handleRequest(NULL, Object(Config\Cache), false)
#8 C:\Users\Usuario\Desktop\Ramon\Projetos\CodeIgniter\public\index.php(37): CodeIgniter\CodeIgniter->run()
#9 C:\Users\Usuario\Desktop\Ramon\Projetos\CodeIgniter\system\Commands\Server\rewrite.php(43): require_once('C:\\Users\\Usuari...')
#10 {main}
CRITICAL - 2022-03-05 21:48:25 --> Undefined variable $UsuarioView
#0 C:\Users\Usuario\Desktop\Ramon\Projetos\CodeIgniter\app\Views\UsuarioView.php(21): CodeIgniter\Debug\Exceptions->errorHandler(2, 'Undefined varia...', 'C:\\Users\\Usuari...', 21)
#1 C:\Users\Usuario\Desktop\Ramon\Projetos\CodeIgniter\system\View\View.php(210): include('C:\\Users\\Usuari...')
#2 C:\Users\Usuario\Desktop\Ramon\Projetos\CodeIgniter\system\View\View.php(213): CodeIgniter\View\View->CodeIgniter\View\{closure}()
#3 C:\Users\Usuario\Desktop\Ramon\Projetos\CodeIgniter\system\Common.php(1089): CodeIgniter\View\View->render('UsuarioView', Array, true)
#4 C:\Users\Usuario\Desktop\Ramon\Projetos\CodeIgniter\app\Controllers\Home.php(9): view('UsuarioView')
#5 C:\Users\Usuario\Desktop\Ramon\Projetos\CodeIgniter\system\CodeIgniter.php(832): App\Controllers\Home->index()
#6 C:\Users\Usuario\Desktop\Ramon\Projetos\CodeIgniter\system\CodeIgniter.php(419): CodeIgniter\CodeIgniter->runController(Object(App\Controllers\Home))
#7 C:\Users\Usuario\Desktop\Ramon\Projetos\CodeIgniter\system\CodeIgniter.php(326): CodeIgniter\CodeIgniter->handleRequest(NULL, Object(Config\Cache), false)
#8 C:\Users\Usuario\Desktop\Ramon\Projetos\CodeIgniter\public\index.php(37): CodeIgniter\CodeIgniter->run()
#9 C:\Users\Usuario\Desktop\Ramon\Projetos\CodeIgniter\system\Commands\Server\rewrite.php(43): require_once('C:\\Users\\Usuari...')
#10 {main}
CRITICAL - 2022-03-05 21:48:29 --> Undefined variable $UsuarioView
#0 C:\Users\Usuario\Desktop\Ramon\Projetos\CodeIgniter\app\Views\UsuarioView.php(21): CodeIgniter\Debug\Exceptions->errorHandler(2, 'Undefined varia...', 'C:\\Users\\Usuari...', 21)
#1 C:\Users\Usuario\Desktop\Ramon\Projetos\CodeIgniter\system\View\View.php(210): include('C:\\Users\\Usuari...')
#2 C:\Users\Usuario\Desktop\Ramon\Projetos\CodeIgniter\system\View\View.php(213): CodeIgniter\View\View->CodeIgniter\View\{closure}()
#3 C:\Users\Usuario\Desktop\Ramon\Projetos\CodeIgniter\system\Common.php(1089): CodeIgniter\View\View->render('UsuarioView', Array, true)
#4 C:\Users\Usuario\Desktop\Ramon\Projetos\CodeIgniter\app\Controllers\Home.php(9): view('UsuarioView')
#5 C:\Users\Usuario\Desktop\Ramon\Projetos\CodeIgniter\system\CodeIgniter.php(832): App\Controllers\Home->index()
#6 C:\Users\Usuario\Desktop\Ramon\Projetos\CodeIgniter\system\CodeIgniter.php(419): CodeIgniter\CodeIgniter->runController(Object(App\Controllers\Home))
#7 C:\Users\Usuario\Desktop\Ramon\Projetos\CodeIgniter\system\CodeIgniter.php(326): CodeIgniter\CodeIgniter->handleRequest(NULL, Object(Config\Cache), false)
#8 C:\Users\Usuario\Desktop\Ramon\Projetos\CodeIgniter\public\index.php(37): CodeIgniter\CodeIgniter->run()
#9 C:\Users\Usuario\Desktop\Ramon\Projetos\CodeIgniter\system\Commands\Server\rewrite.php(43): require_once('C:\\Users\\Usuari...')
#10 {main}
ERROR - 2022-03-05 21:49:21 --> No database selected
CRITICAL - 2022-03-05 21:49:21 --> Call to a member function getResult() on bool
#0 C:\Users\Usuario\Desktop\Ramon\Projetos\CodeIgniter\system\BaseModel.php(584): CodeIgniter\Model->doFindAll(0, 0)
#1 C:\Users\Usuario\Desktop\Ramon\Projetos\CodeIgniter\app\Controllers\Usuario.php(19): CodeIgniter\BaseModel->findAll()
#2 C:\Users\Usuario\Desktop\Ramon\Projetos\CodeIgniter\system\CodeIgniter.php(832): App\Controllers\Usuario->index()
#3 C:\Users\Usuario\Desktop\Ramon\Projetos\CodeIgniter\system\CodeIgniter.php(419): CodeIgniter\CodeIgniter->runController(Object(App\Controllers\Usuario))
#4 C:\Users\Usuario\Desktop\Ramon\Projetos\CodeIgniter\system\CodeIgniter.php(326): CodeIgniter\CodeIgniter->handleRequest(NULL, Object(Config\Cache), false)
#5 C:\Users\Usuario\Desktop\Ramon\Projetos\CodeIgniter\public\index.php(37): CodeIgniter\CodeIgniter->run()
#6 C:\Users\Usuario\Desktop\Ramon\Projetos\CodeIgniter\system\Commands\Server\rewrite.php(43): require_once('C:\\Users\\Usuari...')
#7 {main}
ERROR - 2022-03-05 21:54:53 --> No database selected
CRITICAL - 2022-03-05 21:54:53 --> Call to a member function getResult() on bool
#0 C:\Users\Usuario\Desktop\Ramon\Projetos\CodeIgniter\system\BaseModel.php(584): CodeIgniter\Model->doFindAll(0, 0)
#1 C:\Users\Usuario\Desktop\Ramon\Projetos\CodeIgniter\app\Controllers\Usuario.php(19): CodeIgniter\BaseModel->findAll()
#2 C:\Users\Usuario\Desktop\Ramon\Projetos\CodeIgniter\system\CodeIgniter.php(832): App\Controllers\Usuario->index()
#3 C:\Users\Usuario\Desktop\Ramon\Projetos\CodeIgniter\system\CodeIgniter.php(419): CodeIgniter\CodeIgniter->runController(Object(App\Controllers\Usuario))
#4 C:\Users\Usuario\Desktop\Ramon\Projetos\CodeIgniter\system\CodeIgniter.php(326): CodeIgniter\CodeIgniter->handleRequest(NULL, Object(Config\Cache), false)
#5 C:\Users\Usuario\Desktop\Ramon\Projetos\CodeIgniter\public\index.php(37): CodeIgniter\CodeIgniter->run()
#6 C:\Users\Usuario\Desktop\Ramon\Projetos\CodeIgniter\system\Commands\Server\rewrite.php(43): require_once('C:\\Users\\Usuari...')
#7 {main}
ERROR - 2022-03-05 21:54:54 --> No database selected
CRITICAL - 2022-03-05 21:54:54 --> Call to a member function getResult() on bool
#0 C:\Users\Usuario\Desktop\Ramon\Projetos\CodeIgniter\system\BaseModel.php(584): CodeIgniter\Model->doFindAll(0, 0)
#1 C:\Users\Usuario\Desktop\Ramon\Projetos\CodeIgniter\app\Controllers\Usuario.php(19): CodeIgniter\BaseModel->findAll()
#2 C:\Users\Usuario\Desktop\Ramon\Projetos\CodeIgniter\system\CodeIgniter.php(832): App\Controllers\Usuario->index()
#3 C:\Users\Usuario\Desktop\Ramon\Projetos\CodeIgniter\system\CodeIgniter.php(419): CodeIgniter\CodeIgniter->runController(Object(App\Controllers\Usuario))
#4 C:\Users\Usuario\Desktop\Ramon\Projetos\CodeIgniter\system\CodeIgniter.php(326): CodeIgniter\CodeIgniter->handleRequest(NULL, Object(Config\Cache), false)
#5 C:\Users\Usuario\Desktop\Ramon\Projetos\CodeIgniter\public\index.php(37): CodeIgniter\CodeIgniter->run()
#6 C:\Users\Usuario\Desktop\Ramon\Projetos\CodeIgniter\system\Commands\Server\rewrite.php(43): require_once('C:\\Users\\Usuari...')
#7 {main}
ERROR - 2022-03-05 21:55:55 --> No database selected
CRITICAL - 2022-03-05 21:55:55 --> Call to a member function getResult() on bool
#0 C:\Users\Usuario\Desktop\Ramon\Projetos\CodeIgniter\system\BaseModel.php(584): CodeIgniter\Model->doFindAll(0, 0)
#1 C:\Users\Usuario\Desktop\Ramon\Projetos\CodeIgniter\app\Controllers\Usuario.php(19): CodeIgniter\BaseModel->findAll()
#2 C:\Users\Usuario\Desktop\Ramon\Projetos\CodeIgniter\system\CodeIgniter.php(832): App\Controllers\Usuario->index()
#3 C:\Users\Usuario\Desktop\Ramon\Projetos\CodeIgniter\system\CodeIgniter.php(419): CodeIgniter\CodeIgniter->runController(Object(App\Controllers\Usuario))
#4 C:\Users\Usuario\Desktop\Ramon\Projetos\CodeIgniter\system\CodeIgniter.php(326): CodeIgniter\CodeIgniter->handleRequest(NULL, Object(Config\Cache), false)
#5 C:\Users\Usuario\Desktop\Ramon\Projetos\CodeIgniter\public\index.php(37): CodeIgniter\CodeIgniter->run()
#6 C:\Users\Usuario\Desktop\Ramon\Projetos\CodeIgniter\system\Commands\Server\rewrite.php(43): require_once('C:\\Users\\Usuari...')
#7 {main}
ERROR - 2022-03-05 21:55:56 --> No database selected
CRITICAL - 2022-03-05 21:55:56 --> Call to a member function getResult() on bool
#0 C:\Users\Usuario\Desktop\Ramon\Projetos\CodeIgniter\system\BaseModel.php(584): CodeIgniter\Model->doFindAll(0, 0)
#1 C:\Users\Usuario\Desktop\Ramon\Projetos\CodeIgniter\app\Controllers\Usuario.php(19): CodeIgniter\BaseModel->findAll()
#2 C:\Users\Usuario\Desktop\Ramon\Projetos\CodeIgniter\system\CodeIgniter.php(832): App\Controllers\Usuario->index()
#3 C:\Users\Usuario\Desktop\Ramon\Projetos\CodeIgniter\system\CodeIgniter.php(419): CodeIgniter\CodeIgniter->runController(Object(App\Controllers\Usuario))
#4 C:\Users\Usuario\Desktop\Ramon\Projetos\CodeIgniter\system\CodeIgniter.php(326): CodeIgniter\CodeIgniter->handleRequest(NULL, Object(Config\Cache), false)
#5 C:\Users\Usuario\Desktop\Ramon\Projetos\CodeIgniter\public\index.php(37): CodeIgniter\CodeIgniter->run()
#6 C:\Users\Usuario\Desktop\Ramon\Projetos\CodeIgniter\system\Commands\Server\rewrite.php(43): require_once('C:\\Users\\Usuari...')
#7 {main}
ERROR - 2022-03-05 21:56:00 --> No database selected
CRITICAL - 2022-03-05 21:56:00 --> Call to a member function getResult() on bool
#0 C:\Users\Usuario\Desktop\Ramon\Projetos\CodeIgniter\system\BaseModel.php(584): CodeIgniter\Model->doFindAll(0, 0)
#1 C:\Users\Usuario\Desktop\Ramon\Projetos\CodeIgniter\app\Controllers\Usuario.php(19): CodeIgniter\BaseModel->findAll()
#2 C:\Users\Usuario\Desktop\Ramon\Projetos\CodeIgniter\system\CodeIgniter.php(832): App\Controllers\Usuario->index()
#3 C:\Users\Usuario\Desktop\Ramon\Projetos\CodeIgniter\system\CodeIgniter.php(419): CodeIgniter\CodeIgniter->runController(Object(App\Controllers\Usuario))
#4 C:\Users\Usuario\Desktop\Ramon\Projetos\CodeIgniter\system\CodeIgniter.php(326): CodeIgniter\CodeIgniter->handleRequest(NULL, Object(Config\Cache), false)
#5 C:\Users\Usuario\Desktop\Ramon\Projetos\CodeIgniter\public\index.php(37): CodeIgniter\CodeIgniter->run()
#6 C:\Users\Usuario\Desktop\Ramon\Projetos\CodeIgniter\system\Commands\Server\rewrite.php(43): require_once('C:\\Users\\Usuari...')
#7 {main}
ERROR - 2022-03-05 21:57:45 --> No database selected
CRITICAL - 2022-03-05 21:57:45 --> Call to a member function getResult() on bool
#0 C:\Users\Usuario\Desktop\Ramon\Projetos\CodeIgniter\system\BaseModel.php(584): CodeIgniter\Model->doFindAll(0, 0)
#1 C:\Users\Usuario\Desktop\Ramon\Projetos\CodeIgniter\app\Controllers\Usuario.php(19): CodeIgniter\BaseModel->findAll()
#2 C:\Users\Usuario\Desktop\Ramon\Projetos\CodeIgniter\system\CodeIgniter.php(832): App\Controllers\Usuario->index()
#3 C:\Users\Usuario\Desktop\Ramon\Projetos\CodeIgniter\system\CodeIgniter.php(419): CodeIgniter\CodeIgniter->runController(Object(App\Controllers\Usuario))
#4 C:\Users\Usuario\Desktop\Ramon\Projetos\CodeIgniter\system\CodeIgniter.php(326): CodeIgniter\CodeIgniter->handleRequest(NULL, Object(Config\Cache), false)
#5 C:\Users\Usuario\Desktop\Ramon\Projetos\CodeIgniter\public\index.php(37): CodeIgniter\CodeIgniter->run()
#6 C:\Users\Usuario\Desktop\Ramon\Projetos\CodeIgniter\system\Commands\Server\rewrite.php(43): require_once('C:\\Users\\Usuari...')
#7 {main}
ERROR - 2022-03-05 21:58:20 --> No database selected
CRITICAL - 2022-03-05 21:58:20 --> Call to a member function getResult() on bool
#0 C:\Users\Usuario\Desktop\Ramon\Projetos\CodeIgniter\system\BaseModel.php(584): CodeIgniter\Model->doFindAll(0, 0)
#1 C:\Users\Usuario\Desktop\Ramon\Projetos\CodeIgniter\app\Controllers\Usuario.php(19): CodeIgniter\BaseModel->findAll()
#2 C:\Users\Usuario\Desktop\Ramon\Projetos\CodeIgniter\system\CodeIgniter.php(832): App\Controllers\Usuario->index()
#3 C:\Users\Usuario\Desktop\Ramon\Projetos\CodeIgniter\system\CodeIgniter.php(419): CodeIgniter\CodeIgniter->runController(Object(App\Controllers\Usuario))
#4 C:\Users\Usuario\Desktop\Ramon\Projetos\CodeIgniter\system\CodeIgniter.php(326): CodeIgniter\CodeIgniter->handleRequest(NULL, Object(Config\Cache), false)
#5 C:\Users\Usuario\Desktop\Ramon\Projetos\CodeIgniter\public\index.php(37): CodeIgniter\CodeIgniter->run()
#6 C:\Users\Usuario\Desktop\Ramon\Projetos\CodeIgniter\system\Commands\Server\rewrite.php(43): require_once('C:\\Users\\Usuari...')
#7 {main}
ERROR - 2022-03-05 21:58:48 --> No database selected
CRITICAL - 2022-03-05 21:58:48 --> Call to a member function getResult() on bool
#0 C:\Users\Usuario\Desktop\Ramon\Projetos\CodeIgniter\system\BaseModel.php(584): CodeIgniter\Model->doFindAll(0, 0)
#1 C:\Users\Usuario\Desktop\Ramon\Projetos\CodeIgniter\app\Controllers\Usuario.php(19): CodeIgniter\BaseModel->findAll()
#2 C:\Users\Usuario\Desktop\Ramon\Projetos\CodeIgniter\system\CodeIgniter.php(832): App\Controllers\Usuario->index()
#3 C:\Users\Usuario\Desktop\Ramon\Projetos\CodeIgniter\system\CodeIgniter.php(419): CodeIgniter\CodeIgniter->runController(Object(App\Controllers\Usuario))
#4 C:\Users\Usuario\Desktop\Ramon\Projetos\CodeIgniter\system\CodeIgniter.php(326): CodeIgniter\CodeIgniter->handleRequest(NULL, Object(Config\Cache), false)
#5 C:\Users\Usuario\Desktop\Ramon\Projetos\CodeIgniter\public\index.php(37): CodeIgniter\CodeIgniter->run()
#6 C:\Users\Usuario\Desktop\Ramon\Projetos\CodeIgniter\system\Commands\Server\rewrite.php(43): require_once('C:\\Users\\Usuari...')
#7 {main}
ERROR - 2022-03-05 21:58:49 --> No database selected
CRITICAL - 2022-03-05 21:58:49 --> Call to a member function getResult() on bool
#0 C:\Users\Usuario\Desktop\Ramon\Projetos\CodeIgniter\system\BaseModel.php(584): CodeIgniter\Model->doFindAll(0, 0)
#1 C:\Users\Usuario\Desktop\Ramon\Projetos\CodeIgniter\app\Controllers\Usuario.php(19): CodeIgniter\BaseModel->findAll()
#2 C:\Users\Usuario\Desktop\Ramon\Projetos\CodeIgniter\system\CodeIgniter.php(832): App\Controllers\Usuario->index()
#3 C:\Users\Usuario\Desktop\Ramon\Projetos\CodeIgniter\system\CodeIgniter.php(419): CodeIgniter\CodeIgniter->runController(Object(App\Controllers\Usuario))
#4 C:\Users\Usuario\Desktop\Ramon\Projetos\CodeIgniter\system\CodeIgniter.php(326): CodeIgniter\CodeIgniter->handleRequest(NULL, Object(Config\Cache), false)
#5 C:\Users\Usuario\Desktop\Ramon\Projetos\CodeIgniter\public\index.php(37): CodeIgniter\CodeIgniter->run()
#6 C:\Users\Usuario\Desktop\Ramon\Projetos\CodeIgniter\system\Commands\Server\rewrite.php(43): require_once('C:\\Users\\Usuari...')
#7 {main}
ERROR - 2022-03-05 22:08:24 --> No database selected
CRITICAL - 2022-03-05 22:08:24 --> Call to a member function getResult() on bool
#0 C:\Users\Usuario\Desktop\Ramon\Projetos\CodeIgniter\system\BaseModel.php(584): CodeIgniter\Model->doFindAll(0, 0)
#1 C:\Users\Usuario\Desktop\Ramon\Projetos\CodeIgniter\app\Controllers\Usuario.php(17): CodeIgniter\BaseModel->findAll()
#2 C:\Users\Usuario\Desktop\Ramon\Projetos\CodeIgniter\system\CodeIgniter.php(832): App\Controllers\Usuario->index()
#3 C:\Users\Usuario\Desktop\Ramon\Projetos\CodeIgniter\system\CodeIgniter.php(419): CodeIgniter\CodeIgniter->runController(Object(App\Controllers\Usuario))
#4 C:\Users\Usuario\Desktop\Ramon\Projetos\CodeIgniter\system\CodeIgniter.php(326): CodeIgniter\CodeIgniter->handleRequest(NULL, Object(Config\Cache), false)
#5 C:\Users\Usuario\Desktop\Ramon\Projetos\CodeIgniter\public\index.php(37): CodeIgniter\CodeIgniter->run()
#6 C:\Users\Usuario\Desktop\Ramon\Projetos\CodeIgniter\system\Commands\Server\rewrite.php(43): require_once('C:\\Users\\Usuari...')
#7 {main}
ERROR - 2022-03-05 22:08:25 --> No database selected
CRITICAL - 2022-03-05 22:08:25 --> Call to a member function getResult() on bool
#0 C:\Users\Usuario\Desktop\Ramon\Projetos\CodeIgniter\system\BaseModel.php(584): CodeIgniter\Model->doFindAll(0, 0)
#1 C:\Users\Usuario\Desktop\Ramon\Projetos\CodeIgniter\app\Controllers\Usuario.php(17): CodeIgniter\BaseModel->findAll()
#2 C:\Users\Usuario\Desktop\Ramon\Projetos\CodeIgniter\system\CodeIgniter.php(832): App\Controllers\Usuario->index()
#3 C:\Users\Usuario\Desktop\Ramon\Projetos\CodeIgniter\system\CodeIgniter.php(419): CodeIgniter\CodeIgniter->runController(Object(App\Controllers\Usuario))
#4 C:\Users\Usuario\Desktop\Ramon\Projetos\CodeIgniter\system\CodeIgniter.php(326): CodeIgniter\CodeIgniter->handleRequest(NULL, Object(Config\Cache), false)
#5 C:\Users\Usuario\Desktop\Ramon\Projetos\CodeIgniter\public\index.php(37): CodeIgniter\CodeIgniter->run()
#6 C:\Users\Usuario\Desktop\Ramon\Projetos\CodeIgniter\system\Commands\Server\rewrite.php(43): require_once('C:\\Users\\Usuari...')
#7 {main}
ERROR - 2022-03-05 22:14:28 --> No database selected
CRITICAL - 2022-03-05 22:14:28 --> Call to a member function getResult() on bool
#0 C:\Users\Usuario\Desktop\Ramon\Projetos\CodeIgniter\system\BaseModel.php(584): CodeIgniter\Model->doFindAll(0, 0)
#1 C:\Users\Usuario\Desktop\Ramon\Projetos\CodeIgniter\app\Controllers\Usuario.php(17): CodeIgniter\BaseModel->findAll()
#2 C:\Users\Usuario\Desktop\Ramon\Projetos\CodeIgniter\system\CodeIgniter.php(832): App\Controllers\Usuario->index()
#3 C:\Users\Usuario\Desktop\Ramon\Projetos\CodeIgniter\system\CodeIgniter.php(419): CodeIgniter\CodeIgniter->runController(Object(App\Controllers\Usuario))
#4 C:\Users\Usuario\Desktop\Ramon\Projetos\CodeIgniter\system\CodeIgniter.php(326): CodeIgniter\CodeIgniter->handleRequest(NULL, Object(Config\Cache), false)
#5 C:\Users\Usuario\Desktop\Ramon\Projetos\CodeIgniter\public\index.php(37): CodeIgniter\CodeIgniter->run()
#6 C:\Users\Usuario\Desktop\Ramon\Projetos\CodeIgniter\system\Commands\Server\rewrite.php(43): require_once('C:\\Users\\Usuari...')
#7 {main}
ERROR - 2022-03-05 22:19:23 --> No database selected
CRITICAL - 2022-03-05 22:19:23 --> No database selected
#0 C:\Users\Usuario\Desktop\Ramon\Projetos\CodeIgniter\system\Database\MySQLi\Connection.php(292): mysqli->query('SELECT *\nFROM `...', 0)
#1 C:\Users\Usuario\Desktop\Ramon\Projetos\CodeIgniter\system\Database\BaseConnection.php(670): CodeIgniter\Database\MySQLi\Connection->execute('SELECT *\nFROM `...')
#2 C:\Users\Usuario\Desktop\Ramon\Projetos\CodeIgniter\system\Database\BaseConnection.php(598): CodeIgniter\Database\BaseConnection->simpleQuery('SELECT *\nFROM `...')
#3 C:\Users\Usuario\Desktop\Ramon\Projetos\CodeIgniter\system\Database\BaseBuilder.php(1455): CodeIgniter\Database\BaseConnection->query('SELECT *\nFROM `...', Array, false)
#4 C:\Users\Usuario\Desktop\Ramon\Projetos\CodeIgniter\system\Model.php(183): CodeIgniter\Database\BaseBuilder->get()
#5 C:\Users\Usuario\Desktop\Ramon\Projetos\CodeIgniter\system\BaseModel.php(584): CodeIgniter\Model->doFindAll(0, 0)
#6 C:\Users\Usuario\Desktop\Ramon\Projetos\CodeIgniter\app\Controllers\Usuario.php(17): CodeIgniter\BaseModel->findAll()
#7 C:\Users\Usuario\Desktop\Ramon\Projetos\CodeIgniter\system\CodeIgniter.php(832): App\Controllers\Usuario->index()
#8 C:\Users\Usuario\Desktop\Ramon\Projetos\CodeIgniter\system\CodeIgniter.php(419): CodeIgniter\CodeIgniter->runController(Object(App\Controllers\Usuario))
#9 C:\Users\Usuario\Desktop\Ramon\Projetos\CodeIgniter\system\CodeIgniter.php(326): CodeIgniter\CodeIgniter->handleRequest(NULL, Object(Config\Cache), false)
#10 C:\Users\Usuario\Desktop\Ramon\Projetos\CodeIgniter\public\index.php(37): CodeIgniter\CodeIgniter->run()
#11 C:\Users\Usuario\Desktop\Ramon\Projetos\CodeIgniter\system\Commands\Server\rewrite.php(43): require_once('C:\\Users\\Usuari...')
#12 {main}
ERROR - 2022-03-05 22:19:36 --> No database selected
CRITICAL - 2022-03-05 22:19:36 --> No database selected
#0 C:\Users\Usuario\Desktop\Ramon\Projetos\CodeIgniter\system\Database\MySQLi\Connection.php(292): mysqli->query('SELECT *\nFROM `...', 0)
#1 C:\Users\Usuario\Desktop\Ramon\Projetos\CodeIgniter\system\Database\BaseConnection.php(670): CodeIgniter\Database\MySQLi\Connection->execute('SELECT *\nFROM `...')
#2 C:\Users\Usuario\Desktop\Ramon\Projetos\CodeIgniter\system\Database\BaseConnection.php(598): CodeIgniter\Database\BaseConnection->simpleQuery('SELECT *\nFROM `...')
#3 C:\Users\Usuario\Desktop\Ramon\Projetos\CodeIgniter\system\Database\BaseBuilder.php(1455): CodeIgniter\Database\BaseConnection->query('SELECT *\nFROM `...', Array, false)
#4 C:\Users\Usuario\Desktop\Ramon\Projetos\CodeIgniter\system\Model.php(183): CodeIgniter\Database\BaseBuilder->get()
#5 C:\Users\Usuario\Desktop\Ramon\Projetos\CodeIgniter\system\BaseModel.php(584): CodeIgniter\Model->doFindAll(0, 0)
#6 C:\Users\Usuario\Desktop\Ramon\Projetos\CodeIgniter\app\Controllers\Usuario.php(17): CodeIgniter\BaseModel->findAll()
#7 C:\Users\Usuario\Desktop\Ramon\Projetos\CodeIgniter\system\CodeIgniter.php(832): App\Controllers\Usuario->index()
#8 C:\Users\Usuario\Desktop\Ramon\Projetos\CodeIgniter\system\CodeIgniter.php(419): CodeIgniter\CodeIgniter->runController(Object(App\Controllers\Usuario))
#9 C:\Users\Usuario\Desktop\Ramon\Projetos\CodeIgniter\system\CodeIgniter.php(326): CodeIgniter\CodeIgniter->handleRequest(NULL, Object(Config\Cache), false)
#10 C:\Users\Usuario\Desktop\Ramon\Projetos\CodeIgniter\public\index.php(37): CodeIgniter\CodeIgniter->run()
#11 C:\Users\Usuario\Desktop\Ramon\Projetos\CodeIgniter\system\Commands\Server\rewrite.php(43): require_once('C:\\Users\\Usuari...')
#12 {main}
ERROR - 2022-03-05 22:20:14 --> Error connecting to the database: Unknown database 'usuarios'
CRITICAL - 2022-03-05 22:20:14 --> Unable to connect to the database.
Main connection [MySQLi]: Unknown database 'usuarios'
#0 C:\Users\Usuario\Desktop\Ramon\Projetos\CodeIgniter\system\Database\BaseConnection.php(577): CodeIgniter\Database\BaseConnection->initialize()
#1 C:\Users\Usuario\Desktop\Ramon\Projetos\CodeIgniter\system\Database\BaseBuilder.php(1455): CodeIgniter\Database\BaseConnection->query('SELECT *\nFROM `...', Array, false)
#2 C:\Users\Usuario\Desktop\Ramon\Projetos\CodeIgniter\system\Model.php(183): CodeIgniter\Database\BaseBuilder->get()
#3 C:\Users\Usuario\Desktop\Ramon\Projetos\CodeIgniter\system\BaseModel.php(584): CodeIgniter\Model->doFindAll(0, 0)
#4 C:\Users\Usuario\Desktop\Ramon\Projetos\CodeIgniter\app\Controllers\Usuario.php(17): CodeIgniter\BaseModel->findAll()
#5 C:\Users\Usuario\Desktop\Ramon\Projetos\CodeIgniter\system\CodeIgniter.php(832): App\Controllers\Usuario->index()
#6 C:\Users\Usuario\Desktop\Ramon\Projetos\CodeIgniter\system\CodeIgniter.php(419): CodeIgniter\CodeIgniter->runController(Object(App\Controllers\Usuario))
#7 C:\Users\Usuario\Desktop\Ramon\Projetos\CodeIgniter\system\CodeIgniter.php(326): CodeIgniter\CodeIgniter->handleRequest(NULL, Object(Config\Cache), false)
#8 C:\Users\Usuario\Desktop\Ramon\Projetos\CodeIgniter\public\index.php(37): CodeIgniter\CodeIgniter->run()
#9 C:\Users\Usuario\Desktop\Ramon\Projetos\CodeIgniter\system\Commands\Server\rewrite.php(43): require_once('C:\\Users\\Usuari...')
#10 {main}
CRITICAL - 2022-03-05 22:25:28 --> Call to a member function links() on null
#0 C:\Users\Usuario\Desktop\Ramon\Projetos\CodeIgniter\system\View\View.php(210): include()
#1 C:\Users\Usuario\Desktop\Ramon\Projetos\CodeIgniter\system\View\View.php(213): CodeIgniter\View\View->CodeIgniter\View\{closure}()
#2 C:\Users\Usuario\Desktop\Ramon\Projetos\CodeIgniter\system\Common.php(1089): CodeIgniter\View\View->render('usuarios', Array, true)
#3 C:\Users\Usuario\Desktop\Ramon\Projetos\CodeIgniter\app\Controllers\Usuario.php(19): view('usuarios', Array)
#4 C:\Users\Usuario\Desktop\Ramon\Projetos\CodeIgniter\system\CodeIgniter.php(832): App\Controllers\Usuario->index()
#5 C:\Users\Usuario\Desktop\Ramon\Projetos\CodeIgniter\system\CodeIgniter.php(419): CodeIgniter\CodeIgniter->runController(Object(App\Controllers\Usuario))
#6 C:\Users\Usuario\Desktop\Ramon\Projetos\CodeIgniter\system\CodeIgniter.php(326): CodeIgniter\CodeIgniter->handleRequest(NULL, Object(Config\Cache), false)
#7 C:\Users\Usuario\Desktop\Ramon\Projetos\CodeIgniter\public\index.php(37): CodeIgniter\CodeIgniter->run()
#8 C:\Users\Usuario\Desktop\Ramon\Projetos\CodeIgniter\system\Commands\Server\rewrite.php(43): require_once('C:\\Users\\Usuari...')
#9 {main}
CRITICAL - 2022-03-05 22:25:30 --> Call to a member function links() on null
#0 C:\Users\Usuario\Desktop\Ramon\Projetos\CodeIgniter\system\View\View.php(210): include()
#1 C:\Users\Usuario\Desktop\Ramon\Projetos\CodeIgniter\system\View\View.php(213): CodeIgniter\View\View->CodeIgniter\View\{closure}()
#2 C:\Users\Usuario\Desktop\Ramon\Projetos\CodeIgniter\system\Common.php(1089): CodeIgniter\View\View->render('usuarios', Array, true)
#3 C:\Users\Usuario\Desktop\Ramon\Projetos\CodeIgniter\app\Controllers\Usuario.php(19): view('usuarios', Array)
#4 C:\Users\Usuario\Desktop\Ramon\Projetos\CodeIgniter\system\CodeIgniter.php(832): App\Controllers\Usuario->index()
#5 C:\Users\Usuario\Desktop\Ramon\Projetos\CodeIgniter\system\CodeIgniter.php(419): CodeIgniter\CodeIgniter->runController(Object(App\Controllers\Usuario))
#6 C:\Users\Usuario\Desktop\Ramon\Projetos\CodeIgniter\system\CodeIgniter.php(326): CodeIgniter\CodeIgniter->handleRequest(NULL, Object(Config\Cache), false)
#7 C:\Users\Usuario\Desktop\Ramon\Projetos\CodeIgniter\public\index.php(37): CodeIgniter\CodeIgniter->run()
#8 C:\Users\Usuario\Desktop\Ramon\Projetos\CodeIgniter\system\Commands\Server\rewrite.php(43): require_once('C:\\Users\\Usuari...')
#9 {main}
CRITICAL - 2022-03-05 22:25:31 --> Call to a member function links() on null
#0 C:\Users\Usuario\Desktop\Ramon\Projetos\CodeIgniter\system\View\View.php(210): include()
#1 C:\Users\Usuario\Desktop\Ramon\Projetos\CodeIgniter\system\View\View.php(213): CodeIgniter\View\View->CodeIgniter\View\{closure}()
#2 C:\Users\Usuario\Desktop\Ramon\Projetos\CodeIgniter\system\Common.php(1089): CodeIgniter\View\View->render('usuarios', Array, true)
#3 C:\Users\Usuario\Desktop\Ramon\Projetos\CodeIgniter\app\Controllers\Usuario.php(19): view('usuarios', Array)
#4 C:\Users\Usuario\Desktop\Ramon\Projetos\CodeIgniter\system\CodeIgniter.php(832): App\Controllers\Usuario->index()
#5 C:\Users\Usuario\Desktop\Ramon\Projetos\CodeIgniter\system\CodeIgniter.php(419): CodeIgniter\CodeIgniter->runController(Object(App\Controllers\Usuario))
#6 C:\Users\Usuario\Desktop\Ramon\Projetos\CodeIgniter\system\CodeIgniter.php(326): CodeIgniter\CodeIgniter->handleRequest(NULL, Object(Config\Cache), false)
#7 C:\Users\Usuario\Desktop\Ramon\Projetos\CodeIgniter\public\index.php(37): CodeIgniter\CodeIgniter->run()
#8 C:\Users\Usuario\Desktop\Ramon\Projetos\CodeIgniter\system\Commands\Server\rewrite.php(43): require_once('C:\\Users\\Usuari...')
#9 {main}
CRITICAL - 2022-03-05 22:26:07 --> Call to a member function links() on null
#0 C:\Users\Usuario\Desktop\Ramon\Projetos\CodeIgniter\system\View\View.php(210): include()
#1 C:\Users\Usuario\Desktop\Ramon\Projetos\CodeIgniter\system\View\View.php(213): CodeIgniter\View\View->CodeIgniter\View\{closure}()
#2 C:\Users\Usuario\Desktop\Ramon\Projetos\CodeIgniter\system\Common.php(1089): CodeIgniter\View\View->render('usuarios', Array, true)
#3 C:\Users\Usuario\Desktop\Ramon\Projetos\CodeIgniter\app\Controllers\Usuario.php(19): view('usuarios', Array)
#4 C:\Users\Usuario\Desktop\Ramon\Projetos\CodeIgniter\system\CodeIgniter.php(832): App\Controllers\Usuario->index()
#5 C:\Users\Usuario\Desktop\Ramon\Projetos\CodeIgniter\system\CodeIgniter.php(419): CodeIgniter\CodeIgniter->runController(Object(App\Controllers\Usuario))
#6 C:\Users\Usuario\Desktop\Ramon\Projetos\CodeIgniter\system\CodeIgniter.php(326): CodeIgniter\CodeIgniter->handleRequest(NULL, Object(Config\Cache), false)
#7 C:\Users\Usuario\Desktop\Ramon\Projetos\CodeIgniter\public\index.php(37): CodeIgniter\CodeIgniter->run()
#8 C:\Users\Usuario\Desktop\Ramon\Projetos\CodeIgniter\system\Commands\Server\rewrite.php(43): require_once('C:\\Users\\Usuari...')
#9 {main}
CRITICAL - 2022-03-05 22:26:07 --> Call to a member function links() on null
#0 C:\Users\Usuario\Desktop\Ramon\Projetos\CodeIgniter\system\View\View.php(210): include()
#1 C:\Users\Usuario\Desktop\Ramon\Projetos\CodeIgniter\system\View\View.php(213): CodeIgniter\View\View->CodeIgniter\View\{closure}()
#2 C:\Users\Usuario\Desktop\Ramon\Projetos\CodeIgniter\system\Common.php(1089): CodeIgniter\View\View->render('usuarios', Array, true)
#3 C:\Users\Usuario\Desktop\Ramon\Projetos\CodeIgniter\app\Controllers\Usuario.php(19): view('usuarios', Array)
#4 C:\Users\Usuario\Desktop\Ramon\Projetos\CodeIgniter\system\CodeIgniter.php(832): App\Controllers\Usuario->index()
#5 C:\Users\Usuario\Desktop\Ramon\Projetos\CodeIgniter\system\CodeIgniter.php(419): CodeIgniter\CodeIgniter->runController(Object(App\Controllers\Usuario))
#6 C:\Users\Usuario\Desktop\Ramon\Projetos\CodeIgniter\system\CodeIgniter.php(326): CodeIgniter\CodeIgniter->handleRequest(NULL, Object(Config\Cache), false)
#7 C:\Users\Usuario\Desktop\Ramon\Projetos\CodeIgniter\public\index.php(37): CodeIgniter\CodeIgniter->run()
#8 C:\Users\Usuario\Desktop\Ramon\Projetos\CodeIgniter\system\Commands\Server\rewrite.php(43): require_once('C:\\Users\\Usuari...')
#9 {main}
CRITICAL - 2022-03-05 22:26:17 --> syntax error, unexpected token ":", expecting "," or ";"
#0 C:\Users\Usuario\Desktop\Ramon\Projetos\CodeIgniter\system\View\View.php(213): CodeIgniter\View\View->CodeIgniter\View\{closure}()
#1 C:\Users\Usuario\Desktop\Ramon\Projetos\CodeIgniter\system\Common.php(1089): CodeIgniter\View\View->render('usuarios', Array, true)
#2 C:\Users\Usuario\Desktop\Ramon\Projetos\CodeIgniter\app\Controllers\Usuario.php(19): view('usuarios', Array)
#3 C:\Users\Usuario\Desktop\Ramon\Projetos\CodeIgniter\system\CodeIgniter.php(832): App\Controllers\Usuario->index()
#4 C:\Users\Usuario\Desktop\Ramon\Projetos\CodeIgniter\system\CodeIgniter.php(419): CodeIgniter\CodeIgniter->runController(Object(App\Controllers\Usuario))
#5 C:\Users\Usuario\Desktop\Ramon\Projetos\CodeIgniter\system\CodeIgniter.php(326): CodeIgniter\CodeIgniter->handleRequest(NULL, Object(Config\Cache), false)
#6 C:\Users\Usuario\Desktop\Ramon\Projetos\CodeIgniter\public\index.php(37): CodeIgniter\CodeIgniter->run()
#7 C:\Users\Usuario\Desktop\Ramon\Projetos\CodeIgniter\system\Commands\Server\rewrite.php(43): require_once('C:\\Users\\Usuari...')
#8 {main}
CRITICAL - 2022-03-05 22:26:26 --> Call to a member function links() on null
#0 C:\Users\Usuario\Desktop\Ramon\Projetos\CodeIgniter\system\View\View.php(210): include()
#1 C:\Users\Usuario\Desktop\Ramon\Projetos\CodeIgniter\system\View\View.php(213): CodeIgniter\View\View->CodeIgniter\View\{closure}()
#2 C:\Users\Usuario\Desktop\Ramon\Projetos\CodeIgniter\system\Common.php(1089): CodeIgniter\View\View->render('usuarios', Array, true)
#3 C:\Users\Usuario\Desktop\Ramon\Projetos\CodeIgniter\app\Controllers\Usuario.php(19): view('usuarios', Array)
#4 C:\Users\Usuario\Desktop\Ramon\Projetos\CodeIgniter\system\CodeIgniter.php(832): App\Controllers\Usuario->index()
#5 C:\Users\Usuario\Desktop\Ramon\Projetos\CodeIgniter\system\CodeIgniter.php(419): CodeIgniter\CodeIgniter->runController(Object(App\Controllers\Usuario))
#6 C:\Users\Usuario\Desktop\Ramon\Projetos\CodeIgniter\system\CodeIgniter.php(326): CodeIgniter\CodeIgniter->handleRequest(NULL, Object(Config\Cache), false)
#7 C:\Users\Usuario\Desktop\Ramon\Projetos\CodeIgniter\public\index.php(37): CodeIgniter\CodeIgniter->run()
#8 C:\Users\Usuario\Desktop\Ramon\Projetos\CodeIgniter\system\Commands\Server\rewrite.php(43): require_once('C:\\Users\\Usuari...')
#9 {main}
CRITICAL - 2022-03-05 22:32:02 --> Undefined variable $pager
#0 C:\Users\Usuario\Desktop\Ramon\Projetos\CodeIgniter\app\Views\usuarios.php(31): CodeIgniter\Debug\Exceptions->errorHandler(2, 'Undefined varia...', 'C:\\Users\\Usuari...', 31)
#1 C:\Users\Usuario\Desktop\Ramon\Projetos\CodeIgniter\system\View\View.php(210): include('C:\\Users\\Usuari...')
#2 C:\Users\Usuario\Desktop\Ramon\Projetos\CodeIgniter\system\View\View.php(213): CodeIgniter\View\View->CodeIgniter\View\{closure}()
#3 C:\Users\Usuario\Desktop\Ramon\Projetos\CodeIgniter\system\Common.php(1089): CodeIgniter\View\View->render('usuarios', Array, true)
#4 C:\Users\Usuario\Desktop\Ramon\Projetos\CodeIgniter\app\Controllers\Usuario.php(19): view('usuarios', Array)
#5 C:\Users\Usuario\Desktop\Ramon\Projetos\CodeIgniter\system\CodeIgniter.php(832): App\Controllers\Usuario->index()
#6 C:\Users\Usuario\Desktop\Ramon\Projetos\CodeIgniter\system\CodeIgniter.php(419): CodeIgniter\CodeIgniter->runController(Object(App\Controllers\Usuario))
#7 C:\Users\Usuario\Desktop\Ramon\Projetos\CodeIgniter\system\CodeIgniter.php(326): CodeIgniter\CodeIgniter->handleRequest(NULL, Object(Config\Cache), false)
#8 C:\Users\Usuario\Desktop\Ramon\Projetos\CodeIgniter\public\index.php(37): CodeIgniter\CodeIgniter->run()
#9 C:\Users\Usuario\Desktop\Ramon\Projetos\CodeIgniter\system\Commands\Server\rewrite.php(43): require_once('C:\\Users\\Usuari...')
#10 {main}
CRITICAL - 2022-03-05 22:56:52 --> Array to string conversion
#0 C:\Users\Usuario\Desktop\Ramon\Projetos\CodeIgniter\app\Views\usuarios.php(34): CodeIgniter\Debug\Exceptions->errorHandler(2, 'Array to string...', 'C:\\Users\\Usuari...', 34)
#1 C:\Users\Usuario\Desktop\Ramon\Projetos\CodeIgniter\system\View\View.php(210): include('C:\\Users\\Usuari...')
#2 C:\Users\Usuario\Desktop\Ramon\Projetos\CodeIgniter\system\View\View.php(213): CodeIgniter\View\View->CodeIgniter\View\{closure}()
#3 C:\Users\Usuario\Desktop\Ramon\Projetos\CodeIgniter\system\Common.php(1089): CodeIgniter\View\View->render('usuarios', Array, true)
#4 C:\Users\Usuario\Desktop\Ramon\Projetos\CodeIgniter\app\Controllers\Usuario.php(19): view('usuarios', Array)
#5 C:\Users\Usuario\Desktop\Ramon\Projetos\CodeIgniter\system\CodeIgniter.php(832): App\Controllers\Usuario->index()
#6 C:\Users\Usuario\Desktop\Ramon\Projetos\CodeIgniter\system\CodeIgniter.php(419): CodeIgniter\CodeIgniter->runController(Object(App\Controllers\Usuario))
#7 C:\Users\Usuario\Desktop\Ramon\Projetos\CodeIgniter\system\CodeIgniter.php(326): CodeIgniter\CodeIgniter->handleRequest(NULL, Object(Config\Cache), false)
#8 C:\Users\Usuario\Desktop\Ramon\Projetos\CodeIgniter\public\index.php(37): CodeIgniter\CodeIgniter->run()
#9 C:\Users\Usuario\Desktop\Ramon\Projetos\CodeIgniter\system\Commands\Server\rewrite.php(43): require_once('C:\\Users\\Usuari...')
#10 {main}
CRITICAL - 2022-03-05 22:57:30 --> Array to string conversion
#0 C:\Users\Usuario\Desktop\Ramon\Projetos\CodeIgniter\app\Views\usuarios.php(34): CodeIgniter\Debug\Exceptions->errorHandler(2, 'Array to string...', 'C:\\Users\\Usuari...', 34)
#1 C:\Users\Usuario\Desktop\Ramon\Projetos\CodeIgniter\system\View\View.php(210): include('C:\\Users\\Usuari...')
#2 C:\Users\Usuario\Desktop\Ramon\Projetos\CodeIgniter\system\View\View.php(213): CodeIgniter\View\View->CodeIgniter\View\{closure}()
#3 C:\Users\Usuario\Desktop\Ramon\Projetos\CodeIgniter\system\Common.php(1089): CodeIgniter\View\View->render('usuarios', Array, true)
#4 C:\Users\Usuario\Desktop\Ramon\Projetos\CodeIgniter\app\Controllers\Usuario.php(19): view('usuarios', Array)
#5 C:\Users\Usuario\Desktop\Ramon\Projetos\CodeIgniter\system\CodeIgniter.php(832): App\Controllers\Usuario->index()
#6 C:\Users\Usuario\Desktop\Ramon\Projetos\CodeIgniter\system\CodeIgniter.php(419): CodeIgniter\CodeIgniter->runController(Object(App\Controllers\Usuario))
#7 C:\Users\Usuario\Desktop\Ramon\Projetos\CodeIgniter\system\CodeIgniter.php(326): CodeIgniter\CodeIgniter->handleRequest(NULL, Object(Config\Cache), false)
#8 C:\Users\Usuario\Desktop\Ramon\Projetos\CodeIgniter\public\index.php(37): CodeIgniter\CodeIgniter->run()
#9 C:\Users\Usuario\Desktop\Ramon\Projetos\CodeIgniter\system\Commands\Server\rewrite.php(43): require_once('C:\\Users\\Usuari...')
#10 {main}
CRITICAL - 2022-03-05 22:57:31 --> Array to string conversion
#0 C:\Users\Usuario\Desktop\Ramon\Projetos\CodeIgniter\app\Views\usuarios.php(34): CodeIgniter\Debug\Exceptions->errorHandler(2, 'Array to string...', 'C:\\Users\\Usuari...', 34)
#1 C:\Users\Usuario\Desktop\Ramon\Projetos\CodeIgniter\system\View\View.php(210): include('C:\\Users\\Usuari...')
#2 C:\Users\Usuario\Desktop\Ramon\Projetos\CodeIgniter\system\View\View.php(213): CodeIgniter\View\View->CodeIgniter\View\{closure}()
#3 C:\Users\Usuario\Desktop\Ramon\Projetos\CodeIgniter\system\Common.php(1089): CodeIgniter\View\View->render('usuarios', Array, true)
#4 C:\Users\Usuario\Desktop\Ramon\Projetos\CodeIgniter\app\Controllers\Usuario.php(19): view('usuarios', Array)
#5 C:\Users\Usuario\Desktop\Ramon\Projetos\CodeIgniter\system\CodeIgniter.php(832): App\Controllers\Usuario->index()
#6 C:\Users\Usuario\Desktop\Ramon\Projetos\CodeIgniter\system\CodeIgniter.php(419): CodeIgniter\CodeIgniter->runController(Object(App\Controllers\Usuario))
#7 C:\Users\Usuario\Desktop\Ramon\Projetos\CodeIgniter\system\CodeIgniter.php(326): CodeIgniter\CodeIgniter->handleRequest(NULL, Object(Config\Cache), false)
#8 C:\Users\Usuario\Desktop\Ramon\Projetos\CodeIgniter\public\index.php(37): CodeIgniter\CodeIgniter->run()
#9 C:\Users\Usuario\Desktop\Ramon\Projetos\CodeIgniter\system\Commands\Server\rewrite.php(43): require_once('C:\\Users\\Usuari...')
#10 {main}
CRITICAL - 2022-03-05 22:57:54 --> Array to string conversion
#0 C:\Users\Usuario\Desktop\Ramon\Projetos\CodeIgniter\app\Views\usuarios.php(34): CodeIgniter\Debug\Exceptions->errorHandler(2, 'Array to string...', 'C:\\Users\\Usuari...', 34)
#1 C:\Users\Usuario\Desktop\Ramon\Projetos\CodeIgniter\system\View\View.php(210): include('C:\\Users\\Usuari...')
#2 C:\Users\Usuario\Desktop\Ramon\Projetos\CodeIgniter\system\View\View.php(213): CodeIgniter\View\View->CodeIgniter\View\{closure}()
#3 C:\Users\Usuario\Desktop\Ramon\Projetos\CodeIgniter\system\Common.php(1089): CodeIgniter\View\View->render('usuarios', Array, true)
#4 C:\Users\Usuario\Desktop\Ramon\Projetos\CodeIgniter\app\Controllers\Usuario.php(19): view('usuarios', Array)
#5 C:\Users\Usuario\Desktop\Ramon\Projetos\CodeIgniter\system\CodeIgniter.php(832): App\Controllers\Usuario->index()
#6 C:\Users\Usuario\Desktop\Ramon\Projetos\CodeIgniter\system\CodeIgniter.php(419): CodeIgniter\CodeIgniter->runController(Object(App\Controllers\Usuario))
#7 C:\Users\Usuario\Desktop\Ramon\Projetos\CodeIgniter\system\CodeIgniter.php(326): CodeIgniter\CodeIgniter->handleRequest(NULL, Object(Config\Cache), false)
#8 C:\Users\Usuario\Desktop\Ramon\Projetos\CodeIgniter\public\index.php(37): CodeIgniter\CodeIgniter->run()
#9 C:\Users\Usuario\Desktop\Ramon\Projetos\CodeIgniter\system\Commands\Server\rewrite.php(43): require_once('C:\\Users\\Usuari...')
#10 {main}
CRITICAL - 2022-03-05 22:58:51 --> Array to string conversion
#0 C:\Users\Usuario\Desktop\Ramon\Projetos\CodeIgniter\app\Views\usuarios.php(34): CodeIgniter\Debug\Exceptions->errorHandler(2, 'Array to string...', 'C:\\Users\\Usuari...', 34)
#1 C:\Users\Usuario\Desktop\Ramon\Projetos\CodeIgniter\system\View\View.php(210): include('C:\\Users\\Usuari...')
#2 C:\Users\Usuario\Desktop\Ramon\Projetos\CodeIgniter\system\View\View.php(213): CodeIgniter\View\View->CodeIgniter\View\{closure}()
#3 C:\Users\Usuario\Desktop\Ramon\Projetos\CodeIgniter\system\Common.php(1089): CodeIgniter\View\View->render('usuarios', Array, true)
#4 C:\Users\Usuario\Desktop\Ramon\Projetos\CodeIgniter\app\Controllers\Usuario.php(19): view('usuarios', Array)
#5 C:\Users\Usuario\Desktop\Ramon\Projetos\CodeIgniter\system\CodeIgniter.php(832): App\Controllers\Usuario->index()
#6 C:\Users\Usuario\Desktop\Ramon\Projetos\CodeIgniter\system\CodeIgniter.php(419): CodeIgniter\CodeIgniter->runController(Object(App\Controllers\Usuario))
#7 C:\Users\Usuario\Desktop\Ramon\Projetos\CodeIgniter\system\CodeIgniter.php(326): CodeIgniter\CodeIgniter->handleRequest(NULL, Object(Config\Cache), false)
#8 C:\Users\Usuario\Desktop\Ramon\Projetos\CodeIgniter\public\index.php(37): CodeIgniter\CodeIgniter->run()
#9 C:\Users\Usuario\Desktop\Ramon\Projetos\CodeIgniter\system\Commands\Server\rewrite.php(43): require_once('C:\\Users\\Usuari...')
#10 {main}
CRITICAL - 2022-03-05 22:58:52 --> Array to string conversion
#0 C:\Users\Usuario\Desktop\Ramon\Projetos\CodeIgniter\app\Views\usuarios.php(34): CodeIgniter\Debug\Exceptions->errorHandler(2, 'Array to string...', 'C:\\Users\\Usuari...', 34)
#1 C:\Users\Usuario\Desktop\Ramon\Projetos\CodeIgniter\system\View\View.php(210): include('C:\\Users\\Usuari...')
#2 C:\Users\Usuario\Desktop\Ramon\Projetos\CodeIgniter\system\View\View.php(213): CodeIgniter\View\View->CodeIgniter\View\{closure}()
#3 C:\Users\Usuario\Desktop\Ramon\Projetos\CodeIgniter\system\Common.php(1089): CodeIgniter\View\View->render('usuarios', Array, true)
#4 C:\Users\Usuario\Desktop\Ramon\Projetos\CodeIgniter\app\Controllers\Usuario.php(19): view('usuarios', Array)
#5 C:\Users\Usuario\Desktop\Ramon\Projetos\CodeIgniter\system\CodeIgniter.php(832): App\Controllers\Usuario->index()
#6 C:\Users\Usuario\Desktop\Ramon\Projetos\CodeIgniter\system\CodeIgniter.php(419): CodeIgniter\CodeIgniter->runController(Object(App\Controllers\Usuario))
#7 C:\Users\Usuario\Desktop\Ramon\Projetos\CodeIgniter\system\CodeIgniter.php(326): CodeIgniter\CodeIgniter->handleRequest(NULL, Object(Config\Cache), false)
#8 C:\Users\Usuario\Desktop\Ramon\Projetos\CodeIgniter\public\index.php(37): CodeIgniter\CodeIgniter->run()
#9 C:\Users\Usuario\Desktop\Ramon\Projetos\CodeIgniter\system\Commands\Server\rewrite.php(43): require_once('C:\\Users\\Usuari...')
#10 {main}
CRITICAL - 2022-03-05 23:13:48 --> Call to undefined function oi()
#0 C:\Users\Usuario\Desktop\Ramon\Projetos\CodeIgniter\system\View\View.php(210): include()
#1 C:\Users\Usuario\Desktop\Ramon\Projetos\CodeIgniter\system\View\View.php(213): CodeIgniter\View\View->CodeIgniter\View\{closure}()
#2 C:\Users\Usuario\Desktop\Ramon\Projetos\CodeIgniter\system\Common.php(1089): CodeIgniter\View\View->render('usuarios', Array, true)
#3 C:\Users\Usuario\Desktop\Ramon\Projetos\CodeIgniter\app\Controllers\Usuario.php(19): view('usuarios', Array)
#4 C:\Users\Usuario\Desktop\Ramon\Projetos\CodeIgniter\system\CodeIgniter.php(832): App\Controllers\Usuario->index()
#5 C:\Users\Usuario\Desktop\Ramon\Projetos\CodeIgniter\system\CodeIgniter.php(419): CodeIgniter\CodeIgniter->runController(Object(App\Controllers\Usuario))
#6 C:\Users\Usuario\Desktop\Ramon\Projetos\CodeIgniter\system\CodeIgniter.php(326): CodeIgniter\CodeIgniter->handleRequest(NULL, Object(Config\Cache), false)
#7 C:\Users\Usuario\Desktop\Ramon\Projetos\CodeIgniter\public\index.php(37): CodeIgniter\CodeIgniter->run()
#8 C:\Users\Usuario\Desktop\Ramon\Projetos\CodeIgniter\system\Commands\Server\rewrite.php(43): require_once('C:\\Users\\Usuari...')
#9 {main}
ERROR - 2022-03-05 23:54:37 --> Unknown column 'usuarios.deleted_at' in 'where clause'
CRITICAL - 2022-03-05 23:54:37 --> Unknown column 'usuarios.deleted_at' in 'where clause'
#0 C:\Users\Usuario\Desktop\Ramon\Projetos\CodeIgniter\system\Database\MySQLi\Connection.php(292): mysqli->query('SELECT COUNT(*)...', 0)
#1 C:\Users\Usuario\Desktop\Ramon\Projetos\CodeIgniter\system\Database\BaseConnection.php(670): CodeIgniter\Database\MySQLi\Connection->execute('SELECT COUNT(*)...')
#2 C:\Users\Usuario\Desktop\Ramon\Projetos\CodeIgniter\system\Database\BaseConnection.php(598): CodeIgniter\Database\BaseConnection->simpleQuery('SELECT COUNT(*)...')
#3 C:\Users\Usuario\Desktop\Ramon\Projetos\CodeIgniter\system\Database\BaseBuilder.php(1539): CodeIgniter\Database\BaseConnection->query('SELECT COUNT(*)...', Array, false)
#4 C:\Users\Usuario\Desktop\Ramon\Projetos\CodeIgniter\system\Model.php(509): CodeIgniter\Database\BaseBuilder->countAllResults(false)
#5 C:\Users\Usuario\Desktop\Ramon\Projetos\CodeIgniter\system\BaseModel.php(1084): CodeIgniter\Model->countAllResults(false)
#6 C:\Users\Usuario\Desktop\Ramon\Projetos\CodeIgniter\app\Controllers\Usuario.php(18): CodeIgniter\BaseModel->paginate(5)
#7 C:\Users\Usuario\Desktop\Ramon\Projetos\CodeIgniter\system\CodeIgniter.php(832): App\Controllers\Usuario->index()
#8 C:\Users\Usuario\Desktop\Ramon\Projetos\CodeIgniter\system\CodeIgniter.php(419): CodeIgniter\CodeIgniter->runController(Object(App\Controllers\Usuario))
#9 C:\Users\Usuario\Desktop\Ramon\Projetos\CodeIgniter\system\CodeIgniter.php(326): CodeIgniter\CodeIgniter->handleRequest(NULL, Object(Config\Cache), false)
#10 C:\Users\Usuario\Desktop\Ramon\Projetos\CodeIgniter\public\index.php(37): CodeIgniter\CodeIgniter->run()
#11 C:\Users\Usuario\Desktop\Ramon\Projetos\CodeIgniter\system\Commands\Server\rewrite.php(43): require_once('C:\\Users\\Usuari...')
#12 {main}
