CRITICAL - 2022-03-06 03:33:27 --> The framework needs the following extension(s) installed and loaded: intl.
#0 C:\Users\Usuario\Desktop\Ramon\Projetos\CodeIgniter\system\CodeIgniter.php(219): CodeIgniter\Exceptions\FrameworkException::forMissingExtension('intl')
#1 C:\Users\Usuario\Desktop\Ramon\Projetos\CodeIgniter\system\CodeIgniter.php(177): CodeIgniter\CodeIgniter->resolvePlatformExtensions()
#2 C:\Users\Usuario\Desktop\Ramon\Projetos\CodeIgniter\system\bootstrap.php(146): CodeIgniter\CodeIgniter->initialize()
#3 C:\Users\Usuario\Desktop\Ramon\Projetos\CodeIgniter\spark(45): require('C:\\Users\\Usuari...')
#4 {main}
ERROR - 2022-03-06 00:21:37 --> Unknown column 'updated_at' in 'field list'
CRITICAL - 2022-03-06 00:21:37 --> Unknown column 'updated_at' in 'field list'
#0 C:\Users\Usuario\Desktop\Ramon\Projetos\CodeIgniter\system\Database\MySQLi\Connection.php(292): mysqli->query('UPDATE `usuario...', 0)
#1 C:\Users\Usuario\Desktop\Ramon\Projetos\CodeIgniter\system\Database\BaseConnection.php(670): CodeIgniter\Database\MySQLi\Connection->execute('UPDATE `usuario...')
#2 C:\Users\Usuario\Desktop\Ramon\Projetos\CodeIgniter\system\Database\BaseConnection.php(598): CodeIgniter\Database\BaseConnection->simpleQuery('UPDATE `usuario...')
#3 C:\Users\Usuario\Desktop\Ramon\Projetos\CodeIgniter\system\Database\BaseBuilder.php(1913): CodeIgniter\Database\BaseConnection->query('UPDATE `usuario...', Array, false)
#4 C:\Users\Usuario\Desktop\Ramon\Projetos\CodeIgniter\system\Model.php(356): CodeIgniter\Database\BaseBuilder->update(Array)
#5 C:\Users\Usuario\Desktop\Ramon\Projetos\CodeIgniter\system\BaseModel.php(963): CodeIgniter\Model->doDelete(Array, false)
#6 C:\Users\Usuario\Desktop\Ramon\Projetos\CodeIgniter\app\Controllers\Usuario.php(24): CodeIgniter\BaseModel->delete(Array)
#7 C:\Users\Usuario\Desktop\Ramon\Projetos\CodeIgniter\system\CodeIgniter.php(832): App\Controllers\Usuario->delete('2')
#8 C:\Users\Usuario\Desktop\Ramon\Projetos\CodeIgniter\system\CodeIgniter.php(419): CodeIgniter\CodeIgniter->runController(Object(App\Controllers\Usuario))
#9 C:\Users\Usuario\Desktop\Ramon\Projetos\CodeIgniter\system\CodeIgniter.php(326): CodeIgniter\CodeIgniter->handleRequest(NULL, Object(Config\Cache), false)
#10 C:\Users\Usuario\Desktop\Ramon\Projetos\CodeIgniter\public\index.php(37): CodeIgniter\CodeIgniter->run()
#11 C:\Users\Usuario\Desktop\Ramon\Projetos\CodeIgniter\system\Commands\Server\rewrite.php(43): require_once('C:\\Users\\Usuari...')
#12 {main}
CRITICAL - 2022-03-06 00:42:49 --> Call to undefined function form_open()
#0 C:\Users\Usuario\Desktop\Ramon\Projetos\CodeIgniter\system\View\View.php(210): include()
#1 C:\Users\Usuario\Desktop\Ramon\Projetos\CodeIgniter\system\View\View.php(213): CodeIgniter\View\View->CodeIgniter\View\{closure}()
#2 C:\Users\Usuario\Desktop\Ramon\Projetos\CodeIgniter\system\Common.php(1089): CodeIgniter\View\View->render('formedit', Array, true)
#3 C:\Users\Usuario\Desktop\Ramon\Projetos\CodeIgniter\app\Controllers\Usuario.php(34): view('formedit')
#4 C:\Users\Usuario\Desktop\Ramon\Projetos\CodeIgniter\system\CodeIgniter.php(832): App\Controllers\Usuario->create()
#5 C:\Users\Usuario\Desktop\Ramon\Projetos\CodeIgniter\system\CodeIgniter.php(419): CodeIgniter\CodeIgniter->runController(Object(App\Controllers\Usuario))
#6 C:\Users\Usuario\Desktop\Ramon\Projetos\CodeIgniter\system\CodeIgniter.php(326): CodeIgniter\CodeIgniter->handleRequest(NULL, Object(Config\Cache), false)
#7 C:\Users\Usuario\Desktop\Ramon\Projetos\CodeIgniter\public\index.php(37): CodeIgniter\CodeIgniter->run()
#8 C:\Users\Usuario\Desktop\Ramon\Projetos\CodeIgniter\system\Commands\Server\rewrite.php(43): require_once('C:\\Users\\Usuari...')
#9 {main}
CRITICAL - 2022-03-06 00:43:23 --> Call to undefined function form_open()
#0 C:\Users\Usuario\Desktop\Ramon\Projetos\CodeIgniter\system\View\View.php(210): include()
#1 C:\Users\Usuario\Desktop\Ramon\Projetos\CodeIgniter\system\View\View.php(213): CodeIgniter\View\View->CodeIgniter\View\{closure}()
#2 C:\Users\Usuario\Desktop\Ramon\Projetos\CodeIgniter\system\Common.php(1089): CodeIgniter\View\View->render('formedit', Array, true)
#3 C:\Users\Usuario\Desktop\Ramon\Projetos\CodeIgniter\app\Controllers\Usuario.php(34): view('formedit')
#4 C:\Users\Usuario\Desktop\Ramon\Projetos\CodeIgniter\system\CodeIgniter.php(832): App\Controllers\Usuario->create()
#5 C:\Users\Usuario\Desktop\Ramon\Projetos\CodeIgniter\system\CodeIgniter.php(419): CodeIgniter\CodeIgniter->runController(Object(App\Controllers\Usuario))
#6 C:\Users\Usuario\Desktop\Ramon\Projetos\CodeIgniter\system\CodeIgniter.php(326): CodeIgniter\CodeIgniter->handleRequest(NULL, Object(Config\Cache), false)
#7 C:\Users\Usuario\Desktop\Ramon\Projetos\CodeIgniter\public\index.php(37): CodeIgniter\CodeIgniter->run()
#8 C:\Users\Usuario\Desktop\Ramon\Projetos\CodeIgniter\system\Commands\Server\rewrite.php(43): require_once('C:\\Users\\Usuari...')
#9 {main}
ERROR - 2022-03-06 01:00:22 --> Unknown column 'created_at' in 'field list'
CRITICAL - 2022-03-06 01:00:22 --> Unknown column 'created_at' in 'field list'
#0 C:\Users\Usuario\Desktop\Ramon\Projetos\CodeIgniter\system\Database\MySQLi\Connection.php(292): mysqli->query('INSERT INTO `us...', 0)
#1 C:\Users\Usuario\Desktop\Ramon\Projetos\CodeIgniter\system\Database\BaseConnection.php(670): CodeIgniter\Database\MySQLi\Connection->execute('INSERT INTO `us...')
#2 C:\Users\Usuario\Desktop\Ramon\Projetos\CodeIgniter\system\Database\BaseConnection.php(598): CodeIgniter\Database\BaseConnection->simpleQuery('INSERT INTO `us...')
#3 C:\Users\Usuario\Desktop\Ramon\Projetos\CodeIgniter\system\Database\BaseBuilder.php(1771): CodeIgniter\Database\BaseConnection->query('INSERT INTO `us...', Array, false)
#4 C:\Users\Usuario\Desktop\Ramon\Projetos\CodeIgniter\system\Model.php(239): CodeIgniter\Database\BaseBuilder->insert()
#5 C:\Users\Usuario\Desktop\Ramon\Projetos\CodeIgniter\system\BaseModel.php(738): CodeIgniter\Model->doInsert(Array)
#6 C:\Users\Usuario\Desktop\Ramon\Projetos\CodeIgniter\system\Model.php(625): CodeIgniter\BaseModel->insert(Array, false)
#7 C:\Users\Usuario\Desktop\Ramon\Projetos\CodeIgniter\system\BaseModel.php(658): CodeIgniter\Model->insert(Array, false)
#8 C:\Users\Usuario\Desktop\Ramon\Projetos\CodeIgniter\app\Controllers\Usuario.php(38): CodeIgniter\BaseModel->save(Array)
#9 C:\Users\Usuario\Desktop\Ramon\Projetos\CodeIgniter\system\CodeIgniter.php(832): App\Controllers\Usuario->store()
#10 C:\Users\Usuario\Desktop\Ramon\Projetos\CodeIgniter\system\CodeIgniter.php(419): CodeIgniter\CodeIgniter->runController(Object(App\Controllers\Usuario))
#11 C:\Users\Usuario\Desktop\Ramon\Projetos\CodeIgniter\system\CodeIgniter.php(326): CodeIgniter\CodeIgniter->handleRequest(NULL, Object(Config\Cache), false)
#12 C:\Users\Usuario\Desktop\Ramon\Projetos\CodeIgniter\public\index.php(37): CodeIgniter\CodeIgniter->run()
#13 C:\Users\Usuario\Desktop\Ramon\Projetos\CodeIgniter\system\Commands\Server\rewrite.php(43): require_once('C:\\Users\\Usuari...')
#14 {main}
CRITICAL - 2022-03-06 01:11:15 --> Undefined variable $user
#0 C:\Users\Usuario\Desktop\Ramon\Projetos\CodeIgniter\app\Views\form.php(17): CodeIgniter\Debug\Exceptions->errorHandler(2, 'Undefined varia...', 'C:\\Users\\Usuari...', 17)
#1 C:\Users\Usuario\Desktop\Ramon\Projetos\CodeIgniter\system\View\View.php(210): include('C:\\Users\\Usuari...')
#2 C:\Users\Usuario\Desktop\Ramon\Projetos\CodeIgniter\system\View\View.php(213): CodeIgniter\View\View->CodeIgniter\View\{closure}()
#3 C:\Users\Usuario\Desktop\Ramon\Projetos\CodeIgniter\system\Common.php(1089): CodeIgniter\View\View->render('form', Array, true)
#4 C:\Users\Usuario\Desktop\Ramon\Projetos\CodeIgniter\app\Controllers\Usuario.php(49): view('form', Array)
#5 C:\Users\Usuario\Desktop\Ramon\Projetos\CodeIgniter\system\CodeIgniter.php(832): App\Controllers\Usuario->editar('3')
#6 C:\Users\Usuario\Desktop\Ramon\Projetos\CodeIgniter\system\CodeIgniter.php(419): CodeIgniter\CodeIgniter->runController(Object(App\Controllers\Usuario))
#7 C:\Users\Usuario\Desktop\Ramon\Projetos\CodeIgniter\system\CodeIgniter.php(326): CodeIgniter\CodeIgniter->handleRequest(NULL, Object(Config\Cache), false)
#8 C:\Users\Usuario\Desktop\Ramon\Projetos\CodeIgniter\public\index.php(37): CodeIgniter\CodeIgniter->run()
#9 C:\Users\Usuario\Desktop\Ramon\Projetos\CodeIgniter\system\Commands\Server\rewrite.php(43): require_once('C:\\Users\\Usuari...')
#10 {main}
CRITICAL - 2022-03-06 01:12:17 --> Undefined variable $user
#0 C:\Users\Usuario\Desktop\Ramon\Projetos\CodeIgniter\app\Views\form.php(20): CodeIgniter\Debug\Exceptions->errorHandler(2, 'Undefined varia...', 'C:\\Users\\Usuari...', 20)
#1 C:\Users\Usuario\Desktop\Ramon\Projetos\CodeIgniter\system\View\View.php(210): include('C:\\Users\\Usuari...')
#2 C:\Users\Usuario\Desktop\Ramon\Projetos\CodeIgniter\system\View\View.php(213): CodeIgniter\View\View->CodeIgniter\View\{closure}()
#3 C:\Users\Usuario\Desktop\Ramon\Projetos\CodeIgniter\system\Common.php(1089): CodeIgniter\View\View->render('form', Array, true)
#4 C:\Users\Usuario\Desktop\Ramon\Projetos\CodeIgniter\app\Controllers\Usuario.php(49): view('form', Array)
#5 C:\Users\Usuario\Desktop\Ramon\Projetos\CodeIgniter\system\CodeIgniter.php(832): App\Controllers\Usuario->editar('3')
#6 C:\Users\Usuario\Desktop\Ramon\Projetos\CodeIgniter\system\CodeIgniter.php(419): CodeIgniter\CodeIgniter->runController(Object(App\Controllers\Usuario))
#7 C:\Users\Usuario\Desktop\Ramon\Projetos\CodeIgniter\system\CodeIgniter.php(326): CodeIgniter\CodeIgniter->handleRequest(NULL, Object(Config\Cache), false)
#8 C:\Users\Usuario\Desktop\Ramon\Projetos\CodeIgniter\public\index.php(37): CodeIgniter\CodeIgniter->run()
#9 C:\Users\Usuario\Desktop\Ramon\Projetos\CodeIgniter\system\Commands\Server\rewrite.php(43): require_once('C:\\Users\\Usuari...')
#10 {main}
CRITICAL - 2022-03-06 01:17:31 --> Undefined variable $user
#0 C:\Users\Usuario\Desktop\Ramon\Projetos\CodeIgniter\app\Views\form.php(17): CodeIgniter\Debug\Exceptions->errorHandler(2, 'Undefined varia...', 'C:\\Users\\Usuari...', 17)
#1 C:\Users\Usuario\Desktop\Ramon\Projetos\CodeIgniter\system\View\View.php(210): include('C:\\Users\\Usuari...')
#2 C:\Users\Usuario\Desktop\Ramon\Projetos\CodeIgniter\system\View\View.php(213): CodeIgniter\View\View->CodeIgniter\View\{closure}()
#3 C:\Users\Usuario\Desktop\Ramon\Projetos\CodeIgniter\system\Common.php(1089): CodeIgniter\View\View->render('form', Array, true)
#4 C:\Users\Usuario\Desktop\Ramon\Projetos\CodeIgniter\app\Controllers\Usuario.php(49): view('form', Array)
#5 C:\Users\Usuario\Desktop\Ramon\Projetos\CodeIgniter\system\CodeIgniter.php(832): App\Controllers\Usuario->editar('3')
#6 C:\Users\Usuario\Desktop\Ramon\Projetos\CodeIgniter\system\CodeIgniter.php(419): CodeIgniter\CodeIgniter->runController(Object(App\Controllers\Usuario))
#7 C:\Users\Usuario\Desktop\Ramon\Projetos\CodeIgniter\system\CodeIgniter.php(326): CodeIgniter\CodeIgniter->handleRequest(NULL, Object(Config\Cache), false)
#8 C:\Users\Usuario\Desktop\Ramon\Projetos\CodeIgniter\public\index.php(37): CodeIgniter\CodeIgniter->run()
#9 C:\Users\Usuario\Desktop\Ramon\Projetos\CodeIgniter\system\Commands\Server\rewrite.php(43): require_once('C:\\Users\\Usuari...')
#10 {main}
CRITICAL - 2022-03-06 01:22:30 --> Undefined variable $usuario
#0 C:\Users\Usuario\Desktop\Ramon\Projetos\CodeIgniter\app\Views\form.php(20): CodeIgniter\Debug\Exceptions->errorHandler(2, 'Undefined varia...', 'C:\\Users\\Usuari...', 20)
#1 C:\Users\Usuario\Desktop\Ramon\Projetos\CodeIgniter\system\View\View.php(210): include('C:\\Users\\Usuari...')
#2 C:\Users\Usuario\Desktop\Ramon\Projetos\CodeIgniter\system\View\View.php(213): CodeIgniter\View\View->CodeIgniter\View\{closure}()
#3 C:\Users\Usuario\Desktop\Ramon\Projetos\CodeIgniter\system\Common.php(1089): CodeIgniter\View\View->render('form', Array, true)
#4 C:\Users\Usuario\Desktop\Ramon\Projetos\CodeIgniter\app\Controllers\Usuario.php(49): view('form', Array)
#5 C:\Users\Usuario\Desktop\Ramon\Projetos\CodeIgniter\system\CodeIgniter.php(832): App\Controllers\Usuario->editar('8')
#6 C:\Users\Usuario\Desktop\Ramon\Projetos\CodeIgniter\system\CodeIgniter.php(419): CodeIgniter\CodeIgniter->runController(Object(App\Controllers\Usuario))
#7 C:\Users\Usuario\Desktop\Ramon\Projetos\CodeIgniter\system\CodeIgniter.php(326): CodeIgniter\CodeIgniter->handleRequest(NULL, Object(Config\Cache), false)
#8 C:\Users\Usuario\Desktop\Ramon\Projetos\CodeIgniter\public\index.php(37): CodeIgniter\CodeIgniter->run()
#9 C:\Users\Usuario\Desktop\Ramon\Projetos\CodeIgniter\system\Commands\Server\rewrite.php(43): require_once('C:\\Users\\Usuari...')
#10 {main}
